{"logTime": "0206/194730", "correlationVector":"i+E95/gLjGfn9Mk+q5lIFF.10","action":"GetUpdates", "result":"DeleteReceived", "context":{"id":"57b41570-cb17-4fe0-9d97-bee2968f9ee2", "isDeleted:":"true", "version":"1738525093101"}}
{"logTime": "0206/194730", "correlationVector":"i+E95/gLjGfn9Mk+q5lIFF.11","action":"GetUpdates", "result":"DeleteReceived", "context":{"id":"9609a784-bcfc-4750-80cc-efa29815b1a9", "isDeleted:":"true", "version":"1738527095429"}}
{"logTime": "0206/194730", "correlationVector":"i+E95/gLjGfn9Mk+q5lIFF.12","action":"GetUpdates", "result":"DeleteReceived", "context":{"id":"ae8c544e-0d1d-4263-91d8-5c27fe5c7355", "isDeleted:":"true", "version":"1738527095431"}}
{"logTime": "0206/194730", "correlationVector":"i+E95/gLjGfn9Mk+q5lIFF.13","action":"GetUpdates", "result":"DeleteReceived", "context":{"id":"8d450072-f171-45bd-a900-c32fb58b7963", "isDeleted:":"true", "version":"1738527095432"}}
{"logTime": "0206/194730", "correlationVector":"i+E95/gLjGfn9Mk+q5lIFF.14","action":"GetUpdates", "result":"DeleteReceived", "context":{"id":"bf959a4c-f5f3-45b6-8ffe-711f3245d164", "isDeleted:":"true", "version":"1738527095433"}}
{"logTime": "0206/194730", "correlationVector":"i+E95/gLjGfn9Mk+q5lIFF.15","action":"GetUpdates", "result":"DeleteReceived", "context":{"id":"519d0cfd-e2ff-4d9a-97af-85e68489fb9e", "isDeleted:":"true", "version":"1738527095434"}}
{"logTime": "0206/194730", "correlationVector":"i+E95/gLjGfn9Mk+q5lIFF.16","action":"GetUpdates", "result":"DeleteReceived", "context":{"id":"4df4163e-3354-44b6-b06b-525b37e7988b", "isDeleted:":"true", "version":"1738527095435"}}
{"logTime": "0206/194730", "correlationVector":"i+E95/gLjGfn9Mk+q5lIFF.17","action":"GetUpdates", "result":"DeleteReceived", "context":{"id":"6e1a4c5f-a5db-4ee4-8677-1c0bc070e9ee", "isDeleted:":"true", "version":"1738564682943"}}
{"logTime": "0206/194730", "correlationVector":"i+E95/gLjGfn9Mk+q5lIFF.18","action":"GetUpdates", "result":"DeleteReceived", "context":{"id":"da8ff83c-321a-48db-882b-174b018dba3a", "isDeleted:":"true", "version":"1738564682945"}}
{"logTime": "0206/194730", "correlationVector":"i+E95/gLjGfn9Mk+q5lIFF.19","action":"GetUpdates", "result":"DeleteReceived", "context":{"id":"fdf4a7aa-7689-4a56-ae53-3be7679ab8e6", "isDeleted:":"true", "version":"1738565266730"}}
{"logTime": "0206/194730", "correlationVector":"i+E95/gLjGfn9Mk+q5lIFF.20","action":"GetUpdates Response", "result":"Success", "context":Received 270 update(s). cV=i+E95/gLjGfn9Mk+q5lIFF.0;server=akswtt004000030;cloudType=Consumer;environment=Prod_southeastasia_prod-s01-064-apac-southeastasia;migrationStage=NotStarted Some updates remain.}
{"logTime": "0206/194730", "correlationVector":"Ot7c+zV5tzgYw/ze8uwFLj","action":"Normal GetUpdate request", "result":"", "context":cV=Ot7c+zV5tzgYw/ze8uwFLj
Nudged types: Sessions, Device Info, History
Refresh requested types: Bookmarks, Preferences, Passwords, Autofill Profiles, Autofill, Extensions, Sessions, Extension settings, History Delete Directives, Device Info, User Consents, Send Tab To Self, Web Apps, History, Collection, Edge E Drop, Edge Hub App Usage, Edge Tab Group, Edge Wallet, Encryption Keys}
{"logTime": "0206/194731", "correlationVector":"Ot7c+zV5tzgYw/ze8uwFLj.1","action":"SyncServerConnectionManagerRequest", "result":"SYNC_SERVER_OK", "context":{"environment":"Prod_southeastasia_prod-s01-064-apac-southeastasia", "migrationStage":"NotStarted", "server":"akswtt00400000h"}}
{"logTime": "0206/194731", "correlationVector":"Ot7c+zV5tzgYw/ze8uwFLj.2","action":"GetUpdates", "result":"DeleteReceived", "context":{"id":"e1f896dd-48e3-4cfe-929b-e3097fca6de4", "isDeleted:":"true", "version":"1738601637923"}}
{"logTime": "0206/194731", "correlationVector":"Ot7c+zV5tzgYw/ze8uwFLj.3","action":"GetUpdates", "result":"DeleteReceived", "context":{"id":"15f19ff5-8b1c-4133-9bd6-37cdd25ac9d1", "isDeleted:":"true", "version":"1738603486795"}}
{"logTime": "0206/194731", "correlationVector":"Ot7c+zV5tzgYw/ze8uwFLj.4","action":"GetUpdates", "result":"DeleteReceived", "context":{"id":"7d9bbe3e-6a50-41db-a66c-954ebcde4eb6", "isDeleted:":"true", "version":"1738648809837"}}
{"logTime": "0206/194731", "correlationVector":"Ot7c+zV5tzgYw/ze8uwFLj.5","action":"GetUpdates", "result":"DeleteReceived", "context":{"id":"25450c79-7368-460d-8c8d-c85fa585476d", "isDeleted:":"true", "version":"1738648809838"}}
{"logTime": "0206/194731", "correlationVector":"Ot7c+zV5tzgYw/ze8uwFLj.6","action":"GetUpdates", "result":"DeleteReceived", "context":{"id":"6b264bd8-163d-43c1-b597-d63fb25f4c12", "isDeleted:":"true", "version":"1738648809839"}}
{"logTime": "0206/194731", "correlationVector":"Ot7c+zV5tzgYw/ze8uwFLj.7","action":"GetUpdates", "result":"DeleteReceived", "context":{"id":"e8fc3468-5488-4016-a423-be7aeb2f5ff9", "isDeleted:":"true", "version":"1738648809841"}}
{"logTime": "0206/194731", "correlationVector":"Ot7c+zV5tzgYw/ze8uwFLj.8","action":"GetUpdates", "result":"DeleteReceived", "context":{"id":"5b9b708a-67f8-41a7-a532-73bd869794f2", "isDeleted:":"true", "version":"1738648809843"}}
{"logTime": "0206/194731", "correlationVector":"Ot7c+zV5tzgYw/ze8uwFLj.9","action":"GetUpdates", "result":"DeleteReceived", "context":{"id":"ea4d04c8-cc1f-4573-bb37-45ec02bd655b", "isDeleted:":"true", "version":"1738648809844"}}
{"logTime": "0206/194731", "correlationVector":"Ot7c+zV5tzgYw/ze8uwFLj.10","action":"GetUpdates", "result":"DeleteReceived", "context":{"id":"90c6b81e-8926-41e1-88ba-fae7b457cf5b", "isDeleted:":"true", "version":"1738648809845"}}
{"logTime": "0206/194731", "correlationVector":"Ot7c+zV5tzgYw/ze8uwFLj.11","action":"GetUpdates Response", "result":"Success", "context":Received 261 update(s). cV=Ot7c+zV5tzgYw/ze8uwFLj.0;server=akswtt00400000h;cloudType=Consumer;environment=Prod_southeastasia_prod-s01-064-apac-southeastasia;migrationStage=NotStarted Some updates remain.}
{"logTime": "0206/194731", "correlationVector":"M5NR2xm9EYwZ/YgftWuMhF","action":"Normal GetUpdate request", "result":"", "context":cV=M5NR2xm9EYwZ/YgftWuMhF
Nudged types: Sessions, Device Info, History
Refresh requested types: Bookmarks, Preferences, Passwords, Autofill Profiles, Autofill, Extensions, Sessions, Extension settings, History Delete Directives, Device Info, User Consents, Send Tab To Self, Web Apps, History, Collection, Edge E Drop, Edge Hub App Usage, Edge Tab Group, Edge Wallet, Encryption Keys}
{"logTime": "0206/194732", "correlationVector":"M5NR2xm9EYwZ/YgftWuMhF.1","action":"SyncServerConnectionManagerRequest", "result":"SYNC_SERVER_OK", "context":{"environment":"Prod_southeastasia_prod-s01-064-apac-southeastasia", "migrationStage":"NotStarted", "server":"akswtt004000000"}}
{"logTime": "0206/194732", "correlationVector":"M5NR2xm9EYwZ/YgftWuMhF.2","action":"GetUpdates", "result":"DeleteReceived", "context":{"id":"939f495b-92d3-42d7-87a6-680ae63610cf", "isDeleted:":"true", "version":"1738682808422"}}
{"logTime": "0206/194732", "correlationVector":"M5NR2xm9EYwZ/YgftWuMhF.3","action":"GetUpdates", "result":"DeleteReceived", "context":{"id":"594c0e8b-63c9-4db1-aaab-78746dd699e3", "isDeleted:":"true", "version":"1738682808423"}}
{"logTime": "0206/194732", "correlationVector":"M5NR2xm9EYwZ/YgftWuMhF.4","action":"GetUpdates", "result":"DeleteReceived", "context":{"id":"511ced1f-cb6d-42ef-a29b-89f7cdee7197", "isDeleted:":"true", "version":"1738682808425"}}
{"logTime": "0206/194732", "correlationVector":"M5NR2xm9EYwZ/YgftWuMhF.5","action":"GetUpdates", "result":"DeleteReceived", "context":{"id":"c5ea5031-84ca-4b88-b7cd-98ba4cd18649", "isDeleted:":"true", "version":"1738682808426"}}
{"logTime": "0206/194732", "correlationVector":"M5NR2xm9EYwZ/YgftWuMhF.6","action":"GetUpdates", "result":"DeleteReceived", "context":{"id":"a022bc60-fafb-4c40-8a18-45a1c697c313", "isDeleted:":"true", "version":"1738682808428"}}
{"logTime": "0206/194732", "correlationVector":"M5NR2xm9EYwZ/YgftWuMhF.7","action":"GetUpdates", "result":"DeleteReceived", "context":{"id":"b06d8c25-a8dd-4125-b792-3396d12595d2", "isDeleted:":"true", "version":"1738682808429"}}
{"logTime": "0206/194732", "correlationVector":"M5NR2xm9EYwZ/YgftWuMhF.8","action":"GetUpdates", "result":"DeleteReceived", "context":{"id":"2e02a6de-f48a-4894-9672-af927bb52a7e", "isDeleted:":"true", "version":"1738682808430"}}
{"logTime": "0206/194732", "correlationVector":"M5NR2xm9EYwZ/YgftWuMhF.9","action":"GetUpdates", "result":"DeleteReceived", "context":{"id":"1dee8d8b-6fe1-4414-9f6b-a0ba96bbf279", "isDeleted:":"true", "version":"1738684336075"}}
{"logTime": "0206/194732", "correlationVector":"M5NR2xm9EYwZ/YgftWuMhF.10","action":"GetUpdates", "result":"DeleteReceived", "context":{"id":"06921bc9-04b2-4fc6-8e30-ce8b978f76c7", "isDeleted:":"true", "version":"1738684697014"}}
{"logTime": "0206/194732", "correlationVector":"M5NR2xm9EYwZ/YgftWuMhF.11","action":"GetUpdates", "result":"DeleteReceived", "context":{"id":"c2d1fd9f-2adb-4bde-95c8-8311f1e88826", "isDeleted:":"true", "version":"1738685222405"}}
{"logTime": "0206/194732", "correlationVector":"M5NR2xm9EYwZ/YgftWuMhF.12","action":"GetUpdates", "result":"DeleteReceived", "context":{"id":"a966942e-e043-4da5-8093-62fd58fe05b1", "isDeleted:":"true", "version":"1738689107015"}}
{"logTime": "0206/194732", "correlationVector":"M5NR2xm9EYwZ/YgftWuMhF.13","action":"GetUpdates", "result":"DeleteReceived", "context":{"id":"ab36c5e0-97b2-433b-b71b-f72cf8ea3a61", "isDeleted:":"true", "version":"1738689107018"}}
{"logTime": "0206/194732", "correlationVector":"M5NR2xm9EYwZ/YgftWuMhF.14","action":"GetUpdates", "result":"DeleteReceived", "context":{"id":"0e48d820-b514-4132-9b30-aba61f3b63bb", "isDeleted:":"true", "version":"1738689107019"}}
{"logTime": "0206/194732", "correlationVector":"M5NR2xm9EYwZ/YgftWuMhF.15","action":"GetUpdates", "result":"DeleteReceived", "context":{"id":"cf1a21ef-ca7a-448e-ab8f-601648d05f16", "isDeleted:":"true", "version":"1738689107020"}}
{"logTime": "0206/194732", "correlationVector":"M5NR2xm9EYwZ/YgftWuMhF.16","action":"GetUpdates", "result":"DeleteReceived", "context":{"id":"c4c1f4fa-d847-42a6-9975-d22a012f7ec6", "isDeleted:":"true", "version":"1738689107021"}}
{"logTime": "0206/194732", "correlationVector":"M5NR2xm9EYwZ/YgftWuMhF.17","action":"GetUpdates", "result":"DeleteReceived", "context":{"id":"63cb0437-5a11-4311-9ed8-51e348d7136e", "isDeleted:":"true", "version":"1738689107022"}}
{"logTime": "0206/194732", "correlationVector":"M5NR2xm9EYwZ/YgftWuMhF.18","action":"GetUpdates", "result":"DeleteReceived", "context":{"id":"e41949cc-a045-4541-8506-97267e296f7e", "isDeleted:":"true", "version":"1738689107023"}}
{"logTime": "0206/194732", "correlationVector":"M5NR2xm9EYwZ/YgftWuMhF.19","action":"GetUpdates", "result":"DeleteReceived", "context":{"id":"ddfa589d-1e5e-4500-9f5c-dbd115f455ce", "isDeleted:":"true", "version":"1738689107024"}}
{"logTime": "0206/194732", "correlationVector":"M5NR2xm9EYwZ/YgftWuMhF.20","action":"GetUpdates", "result":"DeleteReceived", "context":{"id":"59e82f2e-371e-4165-83d6-3b26beb8f8ba", "isDeleted:":"true", "version":"1738689107025"}}
{"logTime": "0206/194732", "correlationVector":"M5NR2xm9EYwZ/YgftWuMhF.21","action":"GetUpdates", "result":"DeleteReceived", "context":{"id":"1974518b-25c4-4a3a-9f82-0e6a72afa85e", "isDeleted:":"true", "version":"1738690808271"}}
{"logTime": "0206/194732", "correlationVector":"M5NR2xm9EYwZ/YgftWuMhF.22","action":"GetUpdates", "result":"DeleteReceived", "context":{"id":"a6296bc7-c370-4d00-a423-c79d108bbbf2", "isDeleted:":"true", "version":"1738690808272"}}
{"logTime": "0206/194732", "correlationVector":"M5NR2xm9EYwZ/YgftWuMhF.23","action":"GetUpdates", "result":"DeleteReceived", "context":{"id":"8c48b8d8-7ed5-4720-9f5a-1842e0c233da", "isDeleted:":"true", "version":"1738690808273"}}
{"logTime": "0206/194732", "correlationVector":"M5NR2xm9EYwZ/YgftWuMhF.24","action":"GetUpdates", "result":"DeleteReceived", "context":{"id":"7dedb067-8603-4be2-9541-4c78d882b284", "isDeleted:":"true", "version":"1738722104662"}}
{"logTime": "0206/194732", "correlationVector":"M5NR2xm9EYwZ/YgftWuMhF.25","action":"GetUpdates Response", "result":"Success", "context":Received 274 update(s). cV=M5NR2xm9EYwZ/YgftWuMhF.0;server=akswtt004000000;cloudType=Consumer;environment=Prod_southeastasia_prod-s01-064-apac-southeastasia;migrationStage=NotStarted Some updates remain.}
{"logTime": "0206/194732", "correlationVector":"F1QQ/MXTYHxaKzaKo8kAkL","action":"Normal GetUpdate request", "result":"", "context":cV=F1QQ/MXTYHxaKzaKo8kAkL
Nudged types: Sessions, Device Info, History
Refresh requested types: Bookmarks, Preferences, Passwords, Autofill Profiles, Autofill, Extensions, Sessions, Extension settings, History Delete Directives, Device Info, User Consents, Send Tab To Self, Web Apps, History, Collection, Edge E Drop, Edge Hub App Usage, Edge Tab Group, Edge Wallet, Encryption Keys}
{"logTime": "0206/194732", "correlationVector":"F1QQ/MXTYHxaKzaKo8kAkL.1","action":"SyncServerConnectionManagerRequest", "result":"SYNC_SERVER_OK", "context":{"environment":"Prod_southeastasia_prod-s01-064-apac-southeastasia", "migrationStage":"NotStarted", "server":"akswtt004000014"}}
{"logTime": "0206/194732", "correlationVector":"F1QQ/MXTYHxaKzaKo8kAkL.2","action":"GetUpdates", "result":"DeleteReceived", "context":{"id":"cd60c6ea-2611-43d9-9db9-6ae697c068a8", "isDeleted:":"true", "version":"1738726473494"}}
{"logTime": "0206/194732", "correlationVector":"F1QQ/MXTYHxaKzaKo8kAkL.3","action":"GetUpdates", "result":"DeleteReceived", "context":{"id":"c72d4d8d-a605-4e42-91d7-57e7935cf5c8", "isDeleted:":"true", "version":"1738726473495"}}
{"logTime": "0206/194732", "correlationVector":"F1QQ/MXTYHxaKzaKo8kAkL.4","action":"GetUpdates", "result":"DeleteReceived", "context":{"id":"c5761e06-7606-4583-9a71-797658a28faa", "isDeleted:":"true", "version":"1738726473497"}}
{"logTime": "0206/194732", "correlationVector":"F1QQ/MXTYHxaKzaKo8kAkL.5","action":"GetUpdates", "result":"DeleteReceived", "context":{"id":"c0e8156d-4133-42b7-8d75-9bb4784815c4", "isDeleted:":"true", "version":"1738726473498"}}
{"logTime": "0206/194732", "correlationVector":"F1QQ/MXTYHxaKzaKo8kAkL.6","action":"GetUpdates", "result":"DeleteReceived", "context":{"id":"9abd66b3-077b-4329-88ce-7a27c25992cf", "isDeleted:":"true", "version":"1738750840677"}}
{"logTime": "0206/194732", "correlationVector":"F1QQ/MXTYHxaKzaKo8kAkL.7","action":"GetUpdates", "result":"DeleteReceived", "context":{"id":"4dc65e5c-9fdc-4207-bc0a-c2a36ad6975e", "isDeleted:":"true", "version":"1738750840679"}}
{"logTime": "0206/194732", "correlationVector":"F1QQ/MXTYHxaKzaKo8kAkL.8","action":"GetUpdates", "result":"DeleteReceived", "context":{"id":"63fd5ae4-4972-4589-b020-99ab52df7758", "isDeleted:":"true", "version":"1738750840681"}}
{"logTime": "0206/194732", "correlationVector":"F1QQ/MXTYHxaKzaKo8kAkL.9","action":"GetUpdates", "result":"DeleteReceived", "context":{"id":"6679a7f1-b40a-4280-a820-a30a97ca43ac", "isDeleted:":"true", "version":"1738750840682"}}
{"logTime": "0206/194732", "correlationVector":"F1QQ/MXTYHxaKzaKo8kAkL.10","action":"GetUpdates", "result":"DeleteReceived", "context":{"id":"230919d4-9fbb-4cc4-b4c0-b39cde0b5be3", "isDeleted:":"true", "version":"1738750840683"}}
{"logTime": "0206/194732", "correlationVector":"F1QQ/MXTYHxaKzaKo8kAkL.11","action":"GetUpdates", "result":"DeleteReceived", "context":{"id":"31e906be-a0bc-4730-9cd7-ccd27aacb3c9", "isDeleted:":"true", "version":"1738750840685"}}
{"logTime": "0206/194732", "correlationVector":"F1QQ/MXTYHxaKzaKo8kAkL.12","action":"GetUpdates", "result":"DeleteReceived", "context":{"id":"fdca158d-c155-4d4d-bc17-cddbeb01b09a", "isDeleted:":"true", "version":"1738750840686"}}
{"logTime": "0206/194732", "correlationVector":"F1QQ/MXTYHxaKzaKo8kAkL.13","action":"GetUpdates", "result":"DeleteReceived", "context":{"id":"8e2f6452-5bec-4744-9572-3444816e8701", "isDeleted:":"true", "version":"1738750840687"}}
{"logTime": "0206/194732", "correlationVector":"F1QQ/MXTYHxaKzaKo8kAkL.14","action":"GetUpdates", "result":"DeleteReceived", "context":{"id":"6eba0a05-7fb4-44f5-bff2-72abc446a1fb", "isDeleted:":"true", "version":"1738750843374"}}
{"logTime": "0206/194732", "correlationVector":"F1QQ/MXTYHxaKzaKo8kAkL.15","action":"GetUpdates", "result":"DeleteReceived", "context":{"id":"02faba57-8a8f-4422-81af-9b527e050214", "isDeleted:":"true", "version":"1738776729520"}}
{"logTime": "0206/194732", "correlationVector":"F1QQ/MXTYHxaKzaKo8kAkL.16","action":"GetUpdates", "result":"DeleteReceived", "context":{"id":"96d128da-4a3f-4f43-b2db-0ca80e4e294f", "isDeleted:":"true", "version":"1738776729521"}}
{"logTime": "0206/194732", "correlationVector":"F1QQ/MXTYHxaKzaKo8kAkL.17","action":"GetUpdates", "result":"DeleteReceived", "context":{"id":"ec00bae4-68ad-460a-a7cc-f8688eab2536", "isDeleted:":"true", "version":"1738776729523"}}
{"logTime": "0206/194732", "correlationVector":"F1QQ/MXTYHxaKzaKo8kAkL.18","action":"GetUpdates", "result":"DeleteReceived", "context":{"id":"1fec26c0-82a7-4a65-bbd1-6b2111dfb431", "isDeleted:":"true", "version":"1738776729525"}}
{"logTime": "0206/194732", "correlationVector":"F1QQ/MXTYHxaKzaKo8kAkL.19","action":"GetUpdates", "result":"DeleteReceived", "context":{"id":"9b39a3ef-033d-4ee9-8324-f4e37455f55e", "isDeleted:":"true", "version":"1738816525940"}}
{"logTime": "0206/194732", "correlationVector":"F1QQ/MXTYHxaKzaKo8kAkL.20","action":"GetUpdates Response", "result":"Success", "context":Received 270 update(s). cV=F1QQ/MXTYHxaKzaKo8kAkL.0;server=akswtt004000014;cloudType=Consumer;environment=Prod_southeastasia_prod-s01-064-apac-southeastasia;migrationStage=NotStarted Some updates remain.}
{"logTime": "0206/194732", "correlationVector":"bFr8bg+ZPnEAwH0vRkCQUH","action":"Normal GetUpdate request", "result":"", "context":cV=bFr8bg+ZPnEAwH0vRkCQUH
Nudged types: Sessions, Device Info, History
Refresh requested types: Bookmarks, Preferences, Passwords, Autofill Profiles, Autofill, Extensions, Sessions, Extension settings, History Delete Directives, Device Info, User Consents, Send Tab To Self, Web Apps, History, Collection, Edge E Drop, Edge Hub App Usage, Edge Tab Group, Edge Wallet, Encryption Keys}
{"logTime": "0206/194733", "correlationVector":"bFr8bg+ZPnEAwH0vRkCQUH.1","action":"SyncServerConnectionManagerRequest", "result":"SYNC_SERVER_OK", "context":{"environment":"Prod_southeastasia_prod-s01-064-apac-southeastasia", "migrationStage":"NotStarted", "server":"akswtt004000030"}}
{"logTime": "0206/194733", "correlationVector":"bFr8bg+ZPnEAwH0vRkCQUH.2","action":"GetUpdates", "result":"DeleteReceived", "context":{"id":"00272d85-5ce2-4e7a-8262-103c50a9c4f3", "isDeleted:":"true", "version":"1738829164060"}}
{"logTime": "0206/194733", "correlationVector":"bFr8bg+ZPnEAwH0vRkCQUH.3","action":"GetUpdates", "result":"DeleteReceived", "context":{"id":"5ca09c27-58ba-4de2-b39b-8f508b3ab16e", "isDeleted:":"true", "version":"1738831862417"}}
{"logTime": "0206/194733", "correlationVector":"bFr8bg+ZPnEAwH0vRkCQUH.4","action":"GetUpdates", "result":"DeleteReceived", "context":{"id":"af3d7d0b-3a04-4637-bd87-5a4da6ea3ae4", "isDeleted:":"true", "version":"1738831862418"}}
{"logTime": "0206/194733", "correlationVector":"bFr8bg+ZPnEAwH0vRkCQUH.5","action":"GetUpdates", "result":"DeleteReceived", "context":{"id":"4ed160ff-cea8-467b-85e6-a41e2c79ba13", "isDeleted:":"true", "version":"1738832007964"}}
{"logTime": "0206/194733", "correlationVector":"bFr8bg+ZPnEAwH0vRkCQUH.6","action":"GetUpdates", "result":"DeleteReceived", "context":{"id":"ff2a2f07-5de7-49ed-b0f2-aaded1861eef", "isDeleted:":"true", "version":"1738839363201"}}
{"logTime": "0206/194733", "correlationVector":"bFr8bg+ZPnEAwH0vRkCQUH.7","action":"GetUpdates", "result":"DeleteReceived", "context":{"id":"e8be829b-a703-4acc-a681-838755598b43", "isDeleted:":"true", "version":"1738839363202"}}
{"logTime": "0206/194733", "correlationVector":"bFr8bg+ZPnEAwH0vRkCQUH.8","action":"GetUpdates", "result":"DeleteReceived", "context":{"id":"656c673f-bae5-4291-bd37-f1d2162957a0", "isDeleted:":"true", "version":"1738839363203"}}
{"logTime": "0206/194733", "correlationVector":"bFr8bg+ZPnEAwH0vRkCQUH.9","action":"GetUpdates", "result":"DeleteReceived", "context":{"id":"0e2adc56-25ff-487d-8c45-055b58a527ed", "isDeleted:":"true", "version":"1738839363205"}}
{"logTime": "0206/194733", "correlationVector":"bFr8bg+ZPnEAwH0vRkCQUH.10","action":"GetUpdates", "result":"DeleteReceived", "context":{"id":"6c1d1f2f-f453-419b-97d9-a85733f7a234", "isDeleted:":"true", "version":"1738839363206"}}
{"logTime": "0206/194733", "correlationVector":"bFr8bg+ZPnEAwH0vRkCQUH.11","action":"GetUpdates", "result":"DeleteReceived", "context":{"id":"89b70835-0dd2-467b-8f26-4240e0ed0755", "isDeleted:":"true", "version":"1738839363207"}}
{"logTime": "0206/194733", "correlationVector":"bFr8bg+ZPnEAwH0vRkCQUH.12","action":"GetUpdates", "result":"DeleteReceived", "context":{"id":"b552f883-5b59-4f28-b662-b65b461c6309", "isDeleted:":"true", "version":"1738839363208"}}
{"logTime": "0206/194733", "correlationVector":"bFr8bg+ZPnEAwH0vRkCQUH.13","action":"GetUpdates", "result":"DeleteReceived", "context":{"id":"d709a14e-2f3d-4606-8439-8efd3ea13c9a", "isDeleted:":"true", "version":"1738839451942"}}
{"logTime": "0206/194733", "correlationVector":"bFr8bg+ZPnEAwH0vRkCQUH.14","action":"GetUpdates", "result":"DeleteReceived", "context":{"id":"a02903ac-789a-4f85-8d33-be71bec3b183", "isDeleted:":"true", "version":"1738841741927"}}
{"logTime": "0206/194733", "correlationVector":"bFr8bg+ZPnEAwH0vRkCQUH.15","action":"GetUpdates Response", "result":"Success", "context":Received 265 update(s). cV=bFr8bg+ZPnEAwH0vRkCQUH.0;server=akswtt004000030;cloudType=Consumer;environment=Prod_southeastasia_prod-s01-064-apac-southeastasia;migrationStage=NotStarted Some updates remain.}
{"logTime": "0206/194733", "correlationVector":"EL3ppq0SxBCExZbZJ3eZHj","action":"Normal GetUpdate request", "result":"", "context":cV=EL3ppq0SxBCExZbZJ3eZHj
Nudged types: Sessions, Device Info, History
Refresh requested types: Bookmarks, Preferences, Passwords, Autofill Profiles, Autofill, Extensions, Sessions, Extension settings, History Delete Directives, Device Info, User Consents, Send Tab To Self, Web Apps, History, Collection, Edge E Drop, Edge Hub App Usage, Edge Tab Group, Edge Wallet, Encryption Keys}
{"logTime": "0206/194733", "correlationVector":"EL3ppq0SxBCExZbZJ3eZHj.1","action":"SyncServerConnectionManagerRequest", "result":"SYNC_SERVER_OK", "context":{"environment":"Prod_southeastasia_prod-s01-064-apac-southeastasia", "migrationStage":"NotStarted", "server":"akswtt00400000h"}}
{"logTime": "0206/194733", "correlationVector":"EL3ppq0SxBCExZbZJ3eZHj.2","action":"GetUpdates", "result":"DeleteReceived", "context":{"id":"7b6469c7-5619-446d-87a9-fffffd5bb3b4", "isDeleted:":"true", "version":"1738843128705"}}
{"logTime": "0206/194733", "correlationVector":"EL3ppq0SxBCExZbZJ3eZHj.3","action":"GetUpdates", "result":"DeleteReceived", "context":{"id":"977a5f6e-ae21-4638-88bf-04c95d0b4dc6", "isDeleted:":"true", "version":"1738853298229"}}
{"logTime": "0206/194733", "correlationVector":"EL3ppq0SxBCExZbZJ3eZHj.4","action":"GetUpdates", "result":"DeleteReceived", "context":{"id":"8db89418-9f7c-4d44-b078-7cee0d01861e", "isDeleted:":"true", "version":"1738854130333"}}
{"logTime": "0206/194733", "correlationVector":"EL3ppq0SxBCExZbZJ3eZHj.5","action":"GetUpdates", "result":"DeleteReceived", "context":{"id":"c475a3bd-471b-4858-973f-b4b55df5a5d5", "isDeleted:":"true", "version":"1738858598412"}}
{"logTime": "0206/194733", "correlationVector":"EL3ppq0SxBCExZbZJ3eZHj.6","action":"GetUpdates", "result":"DeleteReceived", "context":{"id":"3ef63393-3e89-49f3-a896-1eb409a88e31", "isDeleted:":"true", "version":"1738858598415"}}
{"logTime": "0206/194733", "correlationVector":"EL3ppq0SxBCExZbZJ3eZHj.7","action":"GetUpdates", "result":"DeleteReceived", "context":{"id":"82b15761-ff8c-4f17-9f7c-86bbcbf06c7d", "isDeleted:":"true", "version":"1738859194657"}}
{"logTime": "0206/194733", "correlationVector":"EL3ppq0SxBCExZbZJ3eZHj.8","action":"GetUpdates", "result":"DeleteReceived", "context":{"id":"e452b892-dcc2-4731-803e-6e816efab149", "isDeleted:":"true", "version":"1738863666426"}}
{"logTime": "0206/194733", "correlationVector":"EL3ppq0SxBCExZbZJ3eZHj.9","action":"GetUpdates", "result":"DeleteReceived", "context":{"id":"acf8d79d-19ee-4c01-8c39-5bc97d12b63c", "isDeleted:":"true", "version":"1738863666427"}}
{"logTime": "0206/194733", "correlationVector":"EL3ppq0SxBCExZbZJ3eZHj.10","action":"GetUpdates", "result":"DeleteReceived", "context":{"id":"61ab1dbe-60c8-4954-bb91-4559f944b79a", "isDeleted:":"true", "version":"1738863666430"}}
{"logTime": "0206/194733", "correlationVector":"EL3ppq0SxBCExZbZJ3eZHj.11","action":"GetUpdates", "result":"DeleteReceived", "context":{"id":"b403871c-5f4d-480c-9a99-14833a1fef2e", "isDeleted:":"true", "version":"1738870466331"}}
{"logTime": "0206/194733", "correlationVector":"EL3ppq0SxBCExZbZJ3eZHj.12","action":"GetUpdates", "result":"DeleteReceived", "context":{"id":"a26bad27-50d8-45f5-b5a2-b4ca7200363d", "isDeleted:":"true", "version":"1738870466332"}}
{"logTime": "0206/194733", "correlationVector":"EL3ppq0SxBCExZbZJ3eZHj.13","action":"GetUpdates", "result":"DeleteReceived", "context":{"id":"4ae4dccf-7ca4-4e3d-aac7-4aa0885639b8", "isDeleted:":"true", "version":"1738870466333"}}
{"logTime": "0206/194733", "correlationVector":"EL3ppq0SxBCExZbZJ3eZHj.14","action":"GetUpdates", "result":"DeleteReceived", "context":{"id":"74efdbde-9e33-4406-816c-9651ff4801e3", "isDeleted:":"true", "version":"1738870466334"}}
{"logTime": "0206/194733", "correlationVector":"EL3ppq0SxBCExZbZJ3eZHj.15","action":"GetUpdates", "result":"DeleteReceived", "context":{"id":"3216be2c-27f3-4b55-aced-ed7699284f25", "isDeleted:":"true", "version":"1738870466336"}}
{"logTime": "0206/194733", "correlationVector":"EL3ppq0SxBCExZbZJ3eZHj.16","action":"GetUpdates", "result":"DeleteReceived", "context":{"id":"d2e1c0b6-5566-46f3-b8d7-f88e5536868c", "isDeleted:":"true", "version":"1738870466337"}}
{"logTime": "0206/194733", "correlationVector":"EL3ppq0SxBCExZbZJ3eZHj.17","action":"GetUpdates Response", "result":"Success", "context":Received 162 update(s). cV=EL3ppq0SxBCExZbZJ3eZHj.0;server=akswtt00400000h;cloudType=Consumer;environment=Prod_southeastasia_prod-s01-064-apac-southeastasia;migrationStage=NotStarted}
{"logTime": "0206/194733", "correlationVector":"l1AhreBPug8kb9N1Pj5Hz4","action":"Commit Request", "result":"", "context":Item count: 12
Contributing types: Sessions, Device Info, History}
{"logTime": "0206/194735", "correlationVector":"l1AhreBPug8kb9N1Pj5Hz4.1","action":"SyncServerConnectionManagerRequest", "result":"SYNC_SERVER_OK", "context":{"environment":"Prod_southeastasia_prod-s01-064-apac-southeastasia", "migrationStage":"NotStarted", "server":"akswtt004000014"}}
{"logTime": "0206/194735", "correlationVector":"l1AhreBPug8kb9N1Pj5Hz4.3","action":"Commit.Sessions", "result":"Success", "context":{"id":"5a0fbda8-5dfc-47af-8533-c469110a6cde", "isDeleted":"true", "size":"0", "version":"1737692974339"}}
{"logTime": "0206/194735", "correlationVector":"l1AhreBPug8kb9N1Pj5Hz4.2","action":"Commit Response", "result":"Success", "context":Result: Success. cV=l1AhreBPug8kb9N1Pj5Hz4.0;server=akswtt004000014;cloudType=Consumer;environment=Prod_southeastasia_prod-s01-064-apac-southeastasia;migrationStage=NotStarted}
{"logTime": "0206/194735", "correlationVector":"7ACV5natBLxxW2Hu0QpG4i","action":"Poll GetUpdate request", "result":"", "context":cV=7ACV5natBLxxW2Hu0QpG4i}
{"logTime": "0206/194735", "correlationVector":"7ACV5natBLxxW2Hu0QpG4i.1","action":"SyncServerConnectionManagerRequest", "result":"SYNC_SERVER_OK", "context":{"environment":"Prod_southeastasia_prod-s01-064-apac-southeastasia", "migrationStage":"NotStarted", "server":"akswtt004000030"}}
{"logTime": "0206/194735", "correlationVector":"7ACV5natBLxxW2Hu0QpG4i.2","action":"GetUpdates", "result":"DeleteReceived", "context":{"id":"5a0fbda8-5dfc-47af-8533-c469110a6cde", "isDeleted:":"true", "version":"1738871257205"}}
{"logTime": "0206/194735", "correlationVector":"7ACV5natBLxxW2Hu0QpG4i.3","action":"GetUpdates Response", "result":"Success", "context":Received 12 update(s). cV=7ACV5natBLxxW2Hu0QpG4i.0;server=akswtt004000030;cloudType=Consumer;environment=Prod_southeastasia_prod-s01-064-apac-southeastasia;migrationStage=NotStarted}
{"logTime": "0206/194735", "correlationVector":"wtntsnFX6OsKvnXK2eo3QG","action":"DoCompareDataConsistency requsted types: ", "result":"Bookmarks, Preferences, Passwords, Extensions, Extension settings, History Delete Directives, Send Tab To Self, Web Apps, History, Collection, Edge E Drop, Edge Tab Group, Edge Wallet, Encryption Keys"}
{"logTime": "0206/194735", "correlationVector":"wtntsnFX6OsKvnXK2eo3QG.0","action":"CompareDataConsistency result: ", "result":"Compare result: Encryption Keys is consistent. local entities count is: 1 local entities hash is: ZzAHXf55lLb5dWG0dFeoobtFoMg="}
{"logTime": "0206/194735", "correlationVector":"wtntsnFX6OsKvnXK2eo3QG.1","action":"CompareDataConsistency result: ", "result":"Compare result: Bookmarks is consistent. local entities count is: 14 local entities hash is: yiEclZBtX+YRg+C47+C2/xyeYtQ="}
{"logTime": "0206/194735", "correlationVector":"wtntsnFX6OsKvnXK2eo3QG.2","action":"CompareDataConsistency result: ", "result":"Compare result: Preferences is consistent. local entities count is: 87 local entities hash is: vrs+tmr7PRpx2aTrv+HEcQGWUaM="}
{"logTime": "0206/194735", "correlationVector":"wtntsnFX6OsKvnXK2eo3QG.3","action":"CompareDataConsistency result: ", "result":"Compare result: Extensions is consistent. local entities count is: 0 local entities hash is: "}
{"logTime": "0206/194735", "correlationVector":"wtntsnFX6OsKvnXK2eo3QG.4","action":"CompareDataConsistency result: ", "result":"Compare result: Extension settings is consistent. local entities count is: 0 local entities hash is: "}
{"logTime": "0206/194735", "correlationVector":"wtntsnFX6OsKvnXK2eo3QG.5","action":"CompareDataConsistency result: ", "result":"Compare result: History Delete Directives is inconsistent. server entities count is: 2 server entities hash is: NFpUGuprbffqrZZWC8Hxwa3OskM= local entities count is: 0 local entities hash is: "}
{"logTime": "0206/194735", "correlationVector":"wtntsnFX6OsKvnXK2eo3QG.6","action":"CompareDataConsistency result: ", "result":"Server did not send this Send Tab To Self local entities count is: 0 local entities hash is: "}
{"logTime": "0206/194735", "correlationVector":"wtntsnFX6OsKvnXK2eo3QG.7","action":"CompareDataConsistency result: ", "result":"Compare result: Web Apps is consistent. local entities count is: 0 local entities hash is: "}
{"logTime": "0206/194735", "correlationVector":"wtntsnFX6OsKvnXK2eo3QG.8","action":"CompareDataConsistency result: ", "result":"Server did not send this History local entities count is: 0 local entities hash is: "}
{"logTime": "0206/194735", "correlationVector":"wtntsnFX6OsKvnXK2eo3QG.9","action":"CompareDataConsistency result: ", "result":"Compare result: Collection is consistent. local entities count is: 0 local entities hash is: "}
{"logTime": "0206/194735", "correlationVector":"wtntsnFX6OsKvnXK2eo3QG.10","action":"CompareDataConsistency result: ", "result":"Compare result: Edge E Drop is consistent. local entities count is: 0 local entities hash is: "}
{"logTime": "0206/194735", "correlationVector":"wtntsnFX6OsKvnXK2eo3QG.11","action":"CompareDataConsistency result: ", "result":"Compare result: Edge Tab Group is consistent. local entities count is: 0 local entities hash is: "}
{"logTime": "0206/194735", "correlationVector":"wtntsnFX6OsKvnXK2eo3QG.12","action":"CompareDataConsistency result: ", "result":"Compare result: Edge Wallet is consistent. local entities count is: 0 local entities hash is: "}
{"logTime": "0206/194735", "correlationVector":"wtntsnFX6OsKvnXK2eo3QG.13","action":"CompareDataConsistency result: ", "result":"Compare result: Passwords is consistent. local entities count is: 108 local entities hash is: BGajZJ5MKZqwZ20qaPuddVOF5p8="}
{"logTime": "0206/194735", "correlationVector":"","action":"DIAGNOSTIC_REQUEST|v1/diagnosticData/Diagnostic.SendCheckResult()|SUCCESS", "result":""}
{"logTime": "0206/194749", "correlationVector":"UIqlMJsN8bp+7DDqJ1h79j","action":"Commit Request", "result":"", "context":Item count: 1
Contributing types: Preferences}
{"logTime": "0206/194749", "correlationVector":"UIqlMJsN8bp+7DDqJ1h79j.1","action":"SyncServerConnectionManagerRequest", "result":"SYNC_SERVER_OK", "context":{"environment":"Prod_southeastasia_prod-s01-064-apac-southeastasia", "migrationStage":"NotStarted", "server":"akswtt00400000h"}}
{"logTime": "0206/194749", "correlationVector":"UIqlMJsN8bp+7DDqJ1h79j.2","action":"Commit Response", "result":"Success", "context":Result: Success. cV=UIqlMJsN8bp+7DDqJ1h79j.0;server=akswtt00400000h;cloudType=Consumer;environment=Prod_southeastasia_prod-s01-064-apac-southeastasia;migrationStage=NotStarted}
{"logTime": "0206/194923", "correlationVector":"CMMJaZa2ckoCA2fXePhryh.1","action":"SyncServerConnectionManagerRequest", "result":"SYNC_SERVER_OK", "context":{"environment":"Prod_southeastasia_prod-s01-064-apac-southeastasia", "migrationStage":"NotStarted", "server":"akswtt00400000o"}}
{"logTime": "0206/194924", "correlationVector":"vNL6tSuVaJ6bGu4C+ZqGB8","action":"SyncServerConnectionManagerRequest", "result":"SYNC_SERVER_OK", "context":{"environment":"", "migrationStage":"", "server":""}}
{"logTime": "0206/194924", "correlationVector":"CMMJaZa2ckoCA2fXePhryh","action":"Initial GetUpdates", "result":"", "context":Reason: NEW_CLIENT. cV=CMMJaZa2ckoCA2fXePhryh}
{"logTime": "0206/194924", "correlationVector":"CMMJaZa2ckoCA2fXePhryh.2","action":"GetUpdates Response", "result":"Success", "context":Received 1 update(s). cV=CMMJaZa2ckoCA2fXePhryh.0;server=akswtt00400000o;cloudType=Consumer;environment=Prod_southeastasia_prod-s01-064-apac-southeastasia;migrationStage=NotStarted}
{"logTime": "0206/194924", "correlationVector":"aiF3czOqXa6dUhT2aqti29","action":"Initial GetUpdates", "result":"", "context":Reason: NEWLY_SUPPORTED_DATATYPE. cV=aiF3czOqXa6dUhT2aqti29}
{"logTime": "0206/194924", "correlationVector":"aiF3czOqXa6dUhT2aqti29.1","action":"SyncServerConnectionManagerRequest", "result":"SYNC_SERVER_OK", "context":{"environment":"Prod_southeastasia_prod-s01-064-apac-southeastasia", "migrationStage":"NotStarted", "server":"akswtt00400000c"}}
{"logTime": "0206/194924", "correlationVector":"aiF3czOqXa6dUhT2aqti29.2","action":"GetUpdates", "result":"DeleteReceived", "context":{"id":"a0cd5993-9c48-4222-a833-c0625f5950da", "isDeleted:":"true", "version":"1718438024340"}}
{"logTime": "0206/194924", "correlationVector":"aiF3czOqXa6dUhT2aqti29.3","action":"GetUpdates", "result":"DeleteReceived", "context":{"id":"594f4e8a-9945-43bd-ab49-f6475bf5b15b", "isDeleted:":"true", "version":"1734294812266"}}
{"logTime": "0206/194924", "correlationVector":"aiF3czOqXa6dUhT2aqti29.4","action":"GetUpdates", "result":"DeleteReceived", "context":{"id":"c1afddd9-24f6-4de9-ac35-01cd293e3ddf", "isDeleted:":"true", "version":"1734294812278"}}
{"logTime": "0206/194924", "correlationVector":"aiF3czOqXa6dUhT2aqti29.5","action":"GetUpdates", "result":"DeleteReceived", "context":{"id":"d1c8c96d-6109-4cc5-981e-05217199a6ea", "isDeleted:":"true", "version":"1734294814212"}}
{"logTime": "0206/194924", "correlationVector":"aiF3czOqXa6dUhT2aqti29.6","action":"GetUpdates", "result":"DeleteReceived", "context":{"id":"9addc7a6-fd65-4cad-bf31-6bbdd6fa6f49", "isDeleted:":"true", "version":"1734297331107"}}
{"logTime": "0206/194924", "correlationVector":"aiF3czOqXa6dUhT2aqti29.7","action":"GetUpdates", "result":"DeleteReceived", "context":{"id":"34233860-08f2-47b7-a7e4-7b75b0d313df", "isDeleted:":"true", "version":"1736263781550"}}
{"logTime": "0206/194924", "correlationVector":"aiF3czOqXa6dUhT2aqti29.8","action":"GetUpdates", "result":"DeleteReceived", "context":{"id":"ff6226ab-a508-4ef5-8789-8e30ea7a5919", "isDeleted:":"true", "version":"1737531759367"}}
{"logTime": "0206/194924", "correlationVector":"aiF3czOqXa6dUhT2aqti29.9","action":"GetUpdates Response", "result":"Success", "context":Received 115 update(s). cV=aiF3czOqXa6dUhT2aqti29.0;server=akswtt00400000c;cloudType=Consumer;environment=Prod_southeastasia_prod-s01-064-apac-southeastasia;migrationStage=NotStarted}
{"logTime": "0206/194924", "correlationVector":"Paj1o8UvbtccoIIL9Gi+jK","action":"Normal GetUpdate request", "result":"", "context":cV=Paj1o8UvbtccoIIL9Gi+jK
Nudged types: Sessions, History
Refresh requested types: Bookmarks, Preferences, Passwords, Autofill Profiles, Autofill, Extensions, Sessions, Extension settings, History Delete Directives, Device Info, User Consents, Send Tab To Self, Web Apps, History, Collection, Edge E Drop, Edge Hub App Usage, Edge Tab Group, Edge Wallet, Encryption Keys}
{"logTime": "0206/194925", "correlationVector":"Paj1o8UvbtccoIIL9Gi+jK.1","action":"SyncServerConnectionManagerRequest", "result":"SYNC_SERVER_OK", "context":{"environment":"Prod_southeastasia_prod-s01-064-apac-southeastasia", "migrationStage":"NotStarted", "server":"akswtt00400002n"}}
{"logTime": "0206/194925", "correlationVector":"Paj1o8UvbtccoIIL9Gi+jK.2","action":"GetUpdates Response", "result":"Success", "context":Received 1 update(s). cV=Paj1o8UvbtccoIIL9Gi+jK.0;server=akswtt00400002n;cloudType=Consumer;environment=Prod_southeastasia_prod-s01-064-apac-southeastasia;migrationStage=NotStarted}
{"logTime": "0206/194925", "correlationVector":"1k5uKukTN9k9mBAaNaHByA","action":"Commit Request", "result":"", "context":Item count: 11
Contributing types: Sessions, History}
{"logTime": "0206/194925", "correlationVector":"1k5uKukTN9k9mBAaNaHByA.1","action":"SyncServerConnectionManagerRequest", "result":"SYNC_SERVER_OK", "context":{"environment":"Prod_southeastasia_prod-s01-064-apac-southeastasia", "migrationStage":"NotStarted", "server":"akswtt00400000c"}}
{"logTime": "0206/194925", "correlationVector":"1k5uKukTN9k9mBAaNaHByA.2","action":"Commit Response", "result":"Success", "context":Result: Success. cV=1k5uKukTN9k9mBAaNaHByA.0;server=akswtt00400000c;cloudType=Consumer;environment=Prod_southeastasia_prod-s01-064-apac-southeastasia;migrationStage=NotStarted}
{"logTime": "0206/194929", "correlationVector":"1u78kwA2MoKOpdRaYZr2iN","action":"Commit Request", "result":"", "context":Item count: 9
Contributing types: Preferences, Sessions, History}
{"logTime": "0206/194930", "correlationVector":"1u78kwA2MoKOpdRaYZr2iN.1","action":"SyncServerConnectionManagerRequest", "result":"SYNC_SERVER_OK", "context":{"environment":"Prod_southeastasia_prod-s01-064-apac-southeastasia", "migrationStage":"NotStarted", "server":"akswtt00400001c"}}
{"logTime": "0206/194930", "correlationVector":"1u78kwA2MoKOpdRaYZr2iN.2","action":"Commit Response", "result":"Success", "context":Result: Success. cV=1u78kwA2MoKOpdRaYZr2iN.0;server=akswtt00400001c;cloudType=Consumer;environment=Prod_southeastasia_prod-s01-064-apac-southeastasia;migrationStage=NotStarted}
{"logTime": "0206/194930", "correlationVector":"1u78kwA2MoKOpdRaYZr2iN.3","action":"Commit.Sessions", "result":"Success", "context":{"id":"fbf82dd3-4c2d-4a86-9ee3-bae75db42015", "isDeleted":"true", "size":"0", "version":"1738871368273"}}
{"logTime": "0206/194934", "correlationVector":"HKXJ3qOUUdrS5kZO+pK9x6","action":"Commit Request", "result":"", "context":Item count: 1
Contributing types: Preferences}
{"logTime": "0206/194934", "correlationVector":"HKXJ3qOUUdrS5kZO+pK9x6.1","action":"SyncServerConnectionManagerRequest", "result":"SYNC_SERVER_OK", "context":{"environment":"Prod_southeastasia_prod-s01-064-apac-southeastasia", "migrationStage":"NotStarted", "server":"akswtt00400000p"}}
{"logTime": "0206/194934", "correlationVector":"HKXJ3qOUUdrS5kZO+pK9x6.2","action":"Commit Response", "result":"Success", "context":Result: Success. cV=HKXJ3qOUUdrS5kZO+pK9x6.0;server=akswtt00400000p;cloudType=Consumer;environment=Prod_southeastasia_prod-s01-064-apac-southeastasia;migrationStage=NotStarted}
{"logTime": "0206/201149", "correlationVector":"uRkx48LdmHX5MSFe4lOKYi","action":"Commit Request", "result":"", "context":Item count: 4
Contributing types: Sessions, History}
{"logTime": "0206/201150", "correlationVector":"uRkx48LdmHX5MSFe4lOKYi.1","action":"SyncServerConnectionManagerRequest", "result":"SYNC_SERVER_OK", "context":{"environment":"Prod_southeastasia_prod-s01-064-apac-southeastasia", "migrationStage":"NotStarted", "server":"akswtt00400000g"}}
{"logTime": "0206/201150", "correlationVector":"uRkx48LdmHX5MSFe4lOKYi.2","action":"Commit Response", "result":"Success", "context":Result: Success. cV=uRkx48LdmHX5MSFe4lOKYi.0;server=akswtt00400000g;cloudType=Consumer;environment=Prod_southeastasia_prod-s01-064-apac-southeastasia;migrationStage=NotStarted}
{"logTime": "0206/201319", "correlationVector":"aunc9mgew2UYtxdivEp+Q4","action":"Commit Request", "result":"", "context":Item count: 3
Contributing types: Sessions, History}
{"logTime": "0206/201320", "correlationVector":"aunc9mgew2UYtxdivEp+Q4.1","action":"SyncServerConnectionManagerRequest", "result":"SYNC_SERVER_OK", "context":{"environment":"Prod_southeastasia_prod-s01-064-apac-southeastasia", "migrationStage":"NotStarted", "server":"akswtt004000012"}}
{"logTime": "0206/201320", "correlationVector":"aunc9mgew2UYtxdivEp+Q4.2","action":"Commit Response", "result":"Success", "context":Result: Success. cV=aunc9mgew2UYtxdivEp+Q4.0;server=akswtt004000012;cloudType=Consumer;environment=Prod_southeastasia_prod-s01-064-apac-southeastasia;migrationStage=NotStarted}
{"logTime": "0206/202306", "correlationVector":"mNkP5/E/OhMbWBe+Aot9N8","action":"Commit Request", "result":"", "context":Item count: 6
Contributing types: Sessions, History}
{"logTime": "0206/202307", "correlationVector":"mNkP5/E/OhMbWBe+Aot9N8.1","action":"SyncServerConnectionManagerRequest", "result":"SYNC_SERVER_OK", "context":{"environment":"Prod_southeastasia_prod-s01-064-apac-southeastasia", "migrationStage":"NotStarted", "server":"akswtt00400003l"}}
{"logTime": "0206/202307", "correlationVector":"mNkP5/E/OhMbWBe+Aot9N8.2","action":"Commit Response", "result":"Success", "context":Result: Success. cV=mNkP5/E/OhMbWBe+Aot9N8.0;server=akswtt00400003l;cloudType=Consumer;environment=Prod_southeastasia_prod-s01-064-apac-southeastasia;migrationStage=NotStarted}
{"logTime": "0206/202506", "correlationVector":"O5aCcIHUhCTt1KuTtYzyyF","action":"Commit Request", "result":"", "context":Item count: 1
Contributing types: Sessions}
{"logTime": "0206/202507", "correlationVector":"O5aCcIHUhCTt1KuTtYzyyF.1","action":"SyncServerConnectionManagerRequest", "result":"SYNC_SERVER_OK", "context":{"environment":"Prod_southeastasia_prod-s01-064-apac-southeastasia", "migrationStage":"NotStarted", "server":"akswtt004000003"}}
{"logTime": "0206/202507", "correlationVector":"O5aCcIHUhCTt1KuTtYzyyF.2","action":"Commit Response", "result":"Success", "context":Result: Success. cV=O5aCcIHUhCTt1KuTtYzyyF.0;server=akswtt004000003;cloudType=Consumer;environment=Prod_southeastasia_prod-s01-064-apac-southeastasia;migrationStage=NotStarted}
{"logTime": "0206/202922", "correlationVector":"RHdEN6b3LVca563oCknScV","action":"Commit Request", "result":"", "context":Item count: 6
Contributing types: Sessions, History}
{"logTime": "0206/202922", "correlationVector":"RHdEN6b3LVca563oCknScV.1","action":"SyncServerConnectionManagerRequest", "result":"SYNC_SERVER_OK", "context":{"environment":"Prod_southeastasia_prod-s01-064-apac-southeastasia", "migrationStage":"NotStarted", "server":"akswtt00400002f"}}
{"logTime": "0206/202922", "correlationVector":"RHdEN6b3LVca563oCknScV.2","action":"Commit Response", "result":"Success", "context":Result: Success. cV=RHdEN6b3LVca563oCknScV.0;server=akswtt00400002f;cloudType=Consumer;environment=Prod_southeastasia_prod-s01-064-apac-southeastasia;migrationStage=NotStarted}
{"logTime": "0206/203117", "correlationVector":"hEvCNjO5K6qIZxNmm8bl6t","action":"Commit Request", "result":"", "context":Item count: 3
Contributing types: Sessions, History}
{"logTime": "0206/203118", "correlationVector":"hEvCNjO5K6qIZxNmm8bl6t.1","action":"SyncServerConnectionManagerRequest", "result":"SYNC_SERVER_OK", "context":{"environment":"Prod_southeastasia_prod-s01-064-apac-southeastasia", "migrationStage":"NotStarted", "server":"akswtt00400001v"}}
{"logTime": "0206/203118", "correlationVector":"hEvCNjO5K6qIZxNmm8bl6t.2","action":"Commit Response", "result":"Success", "context":Result: Success. cV=hEvCNjO5K6qIZxNmm8bl6t.0;server=akswtt00400001v;cloudType=Consumer;environment=Prod_southeastasia_prod-s01-064-apac-southeastasia;migrationStage=NotStarted}
{"logTime": "0206/203401", "correlationVector":"IemPU18tSrUCsgrYEmq4/2","action":"Normal GetUpdate request", "result":"", "context":cV=IemPU18tSrUCsgrYEmq4/2
Nudged types: Sessions, History
Notified types: Device Info}
{"logTime": "0206/203401", "correlationVector":"IemPU18tSrUCsgrYEmq4/2.1","action":"SyncServerConnectionManagerRequest", "result":"SYNC_SERVER_OK", "context":{"environment":"Prod_southeastasia_prod-s01-064-apac-southeastasia", "migrationStage":"NotStarted", "server":"akswtt00400001z"}}
{"logTime": "0206/203401", "correlationVector":"IemPU18tSrUCsgrYEmq4/2.2","action":"GetUpdates", "result":"DeleteReceived", "context":{"id":"fbf82dd3-4c2d-4a86-9ee3-bae75db42015", "isDeleted:":"true", "version":"1738871373048"}}
{"logTime": "0206/203401", "correlationVector":"IemPU18tSrUCsgrYEmq4/2.3","action":"GetUpdates Response", "result":"Success", "context":Received 33 update(s). cV=IemPU18tSrUCsgrYEmq4/2.0;server=akswtt00400001z;cloudType=Consumer;environment=Prod_southeastasia_prod-s01-064-apac-southeastasia;migrationStage=NotStarted}
{"logTime": "0206/203401", "correlationVector":"rvGdN9TULy+VTb3E0+JJoE","action":"Commit Request", "result":"", "context":Item count: 3
Contributing types: Sessions, History}
{"logTime": "0206/203402", "correlationVector":"rvGdN9TULy+VTb3E0+JJoE.1","action":"SyncServerConnectionManagerRequest", "result":"SYNC_SERVER_OK", "context":{"environment":"Prod_southeastasia_prod-s01-064-apac-southeastasia", "migrationStage":"NotStarted", "server":"akswtt00400001m"}}
{"logTime": "0206/203402", "correlationVector":"rvGdN9TULy+VTb3E0+JJoE.2","action":"Commit Response", "result":"Success", "context":Result: Success. cV=rvGdN9TULy+VTb3E0+JJoE.0;server=akswtt00400001m;cloudType=Consumer;environment=Prod_southeastasia_prod-s01-064-apac-southeastasia;migrationStage=NotStarted}
{"logTime": "0206/203404", "correlationVector":"TFGKS7Ov3INat0lNZBWBTn","action":"Normal GetUpdate request", "result":"", "context":cV=TFGKS7Ov3INat0lNZBWBTn
Nudged types: Sessions, History
Notified types: Preferences, History}
{"logTime": "0206/203404", "correlationVector":"TFGKS7Ov3INat0lNZBWBTn.1","action":"SyncServerConnectionManagerRequest", "result":"SYNC_SERVER_OK", "context":{"environment":"Prod_southeastasia_prod-s01-064-apac-southeastasia", "migrationStage":"NotStarted", "server":"akswtt00400001u"}}
{"logTime": "0206/203404", "correlationVector":"TFGKS7Ov3INat0lNZBWBTn.2","action":"GetUpdates Response", "result":"Success", "context":Received 8 update(s). cV=TFGKS7Ov3INat0lNZBWBTn.0;server=akswtt00400001u;cloudType=Consumer;environment=Prod_southeastasia_prod-s01-064-apac-southeastasia;migrationStage=NotStarted}
{"logTime": "0206/203406", "correlationVector":"vAMoDOSbmKtLULTXHeh4NH","action":"Normal GetUpdate request", "result":"", "context":cV=vAMoDOSbmKtLULTXHeh4NH
Notified types: History}
{"logTime": "0206/203407", "correlationVector":"vAMoDOSbmKtLULTXHeh4NH.1","action":"SyncServerConnectionManagerRequest", "result":"SYNC_SERVER_OK", "context":{"environment":"Prod_southeastasia_prod-s01-064-apac-southeastasia", "migrationStage":"NotStarted", "server":"akswtt00400001m"}}
{"logTime": "0206/203407", "correlationVector":"vAMoDOSbmKtLULTXHeh4NH.2","action":"GetUpdates Response", "result":"Success", "context":Received 5 update(s). cV=vAMoDOSbmKtLULTXHeh4NH.0;server=akswtt00400001m;cloudType=Consumer;environment=Prod_southeastasia_prod-s01-064-apac-southeastasia;migrationStage=NotStarted}
{"logTime": "0206/203411", "correlationVector":"aB81n37C38suaIv/DqJEOe","action":"Normal GetUpdate request", "result":"", "context":cV=aB81n37C38suaIv/DqJEOe
Notified types: Device Info, History}
{"logTime": "0206/203412", "correlationVector":"aB81n37C38suaIv/DqJEOe.1","action":"SyncServerConnectionManagerRequest", "result":"SYNC_SERVER_OK", "context":{"environment":"Prod_southeastasia_prod-s01-064-apac-southeastasia", "migrationStage":"NotStarted", "server":"akswtt004000024"}}
{"logTime": "0206/203412", "correlationVector":"aB81n37C38suaIv/DqJEOe.2","action":"GetUpdates", "result":"DeleteReceived", "context":{"id":"ffad38c2-1621-4f74-ad8f-5987ba1e3224", "isDeleted:":"true", "version":"1738874054054"}}
{"logTime": "0206/203412", "correlationVector":"aB81n37C38suaIv/DqJEOe.3","action":"GetUpdates Response", "result":"Success", "context":Received 5 update(s). cV=aB81n37C38suaIv/DqJEOe.0;server=akswtt004000024;cloudType=Consumer;environment=Prod_southeastasia_prod-s01-064-apac-southeastasia;migrationStage=NotStarted}
{"logTime": "0206/203414", "correlationVector":"fm/jhgZ0/bmXIdPh3kSeMM","action":"Normal GetUpdate request", "result":"", "context":cV=fm/jhgZ0/bmXIdPh3kSeMM
Notified types: Preferences}
{"logTime": "0206/203414", "correlationVector":"fm/jhgZ0/bmXIdPh3kSeMM.1","action":"SyncServerConnectionManagerRequest", "result":"SYNC_SERVER_OK", "context":{"environment":"Prod_southeastasia_prod-s01-064-apac-southeastasia", "migrationStage":"NotStarted", "server":"akswtt00400003l"}}
{"logTime": "0206/203414", "correlationVector":"fm/jhgZ0/bmXIdPh3kSeMM.2","action":"GetUpdates Response", "result":"Success", "context":Received 1 update(s). cV=fm/jhgZ0/bmXIdPh3kSeMM.0;server=akswtt00400003l;cloudType=Consumer;environment=Prod_southeastasia_prod-s01-064-apac-southeastasia;migrationStage=NotStarted}
{"logTime": "0206/203425", "correlationVector":"y3vfJT3S9VE11q0goj0asT","action":"Normal GetUpdate request", "result":"", "context":cV=y3vfJT3S9VE11q0goj0asT
Notified types: Device Info, History}
{"logTime": "0206/203425", "correlationVector":"y3vfJT3S9VE11q0goj0asT.1","action":"SyncServerConnectionManagerRequest", "result":"SYNC_SERVER_OK", "context":{"environment":"Prod_southeastasia_prod-s01-064-apac-southeastasia", "migrationStage":"NotStarted", "server":"akswtt00400003l"}}
{"logTime": "0206/203425", "correlationVector":"y3vfJT3S9VE11q0goj0asT.2","action":"GetUpdates Response", "result":"Success", "context":Received 5 update(s). cV=y3vfJT3S9VE11q0goj0asT.0;server=akswtt00400003l;cloudType=Consumer;environment=Prod_southeastasia_prod-s01-064-apac-southeastasia;migrationStage=NotStarted}
{"logTime": "0206/203543", "correlationVector":"iIcbT+1PssZOZ7FqOzu4bu","action":"Normal GetUpdate request", "result":"", "context":cV=iIcbT+1PssZOZ7FqOzu4bu
Notified types: History}
{"logTime": "0206/203544", "correlationVector":"iIcbT+1PssZOZ7FqOzu4bu.1","action":"SyncServerConnectionManagerRequest", "result":"SYNC_SERVER_OK", "context":{"environment":"Prod_southeastasia_prod-s01-064-apac-southeastasia", "migrationStage":"NotStarted", "server":"akswtt004000021"}}
{"logTime": "0206/203544", "correlationVector":"iIcbT+1PssZOZ7FqOzu4bu.2","action":"GetUpdates Response", "result":"Success", "context":Received 8 update(s). cV=iIcbT+1PssZOZ7FqOzu4bu.0;server=akswtt004000021;cloudType=Consumer;environment=Prod_southeastasia_prod-s01-064-apac-southeastasia;migrationStage=NotStarted}
{"logTime": "0206/204642", "correlationVector":"UElMCTOP0FjGZKJsoBZ/YC","action":"Commit Request", "result":"", "context":Item count: 3
Contributing types: Sessions, History}
{"logTime": "0206/204643", "correlationVector":"UElMCTOP0FjGZKJsoBZ/YC.1","action":"SyncServerConnectionManagerRequest", "result":"SYNC_SERVER_OK", "context":{"environment":"Prod_southeastasia_prod-s01-064-apac-southeastasia", "migrationStage":"NotStarted", "server":"akswtt004000030"}}
{"logTime": "0206/204643", "correlationVector":"UElMCTOP0FjGZKJsoBZ/YC.2","action":"Commit Response", "result":"Success", "context":Result: Success. cV=UElMCTOP0FjGZKJsoBZ/YC.0;server=akswtt004000030;cloudType=Consumer;environment=Prod_southeastasia_prod-s01-064-apac-southeastasia;migrationStage=NotStarted}
{"logTime": "0206/204940", "correlationVector":"r02J0KNWVZRL6T86XtBM6D","action":"Commit Request", "result":"", "context":Item count: 3
Contributing types: Sessions, History}
{"logTime": "0206/204941", "correlationVector":"r02J0KNWVZRL6T86XtBM6D.1","action":"SyncServerConnectionManagerRequest", "result":"SYNC_SERVER_OK", "context":{"environment":"Prod_southeastasia_prod-s01-064-apac-southeastasia", "migrationStage":"NotStarted", "server":"akswtt004000004"}}
{"logTime": "0206/204941", "correlationVector":"r02J0KNWVZRL6T86XtBM6D.2","action":"Commit Response", "result":"Success", "context":Result: Success. cV=r02J0KNWVZRL6T86XtBM6D.0;server=akswtt004000004;cloudType=Consumer;environment=Prod_southeastasia_prod-s01-064-apac-southeastasia;migrationStage=NotStarted}
{"logTime": "0206/205236", "correlationVector":"lFOQkGE3yc5hAdj1/hSYew","action":"Commit Request", "result":"", "context":Item count: 3
Contributing types: Sessions, History}
{"logTime": "0206/205236", "correlationVector":"lFOQkGE3yc5hAdj1/hSYew.1","action":"SyncServerConnectionManagerRequest", "result":"SYNC_SERVER_OK", "context":{"environment":"Prod_southeastasia_prod-s01-064-apac-southeastasia", "migrationStage":"NotStarted", "server":"akswtt004000032"}}
{"logTime": "0206/205236", "correlationVector":"lFOQkGE3yc5hAdj1/hSYew.2","action":"Commit Response", "result":"Success", "context":Result: Success. cV=lFOQkGE3yc5hAdj1/hSYew.0;server=akswtt004000032;cloudType=Consumer;environment=Prod_southeastasia_prod-s01-064-apac-southeastasia;migrationStage=NotStarted}
{"logTime": "0206/205640", "correlationVector":"hhwcM13cKIgny6XFlXUi8l","action":"Commit Request", "result":"", "context":Item count: 5
Contributing types: Sessions, History}
{"logTime": "0206/205640", "correlationVector":"hhwcM13cKIgny6XFlXUi8l.1","action":"SyncServerConnectionManagerRequest", "result":"SYNC_SERVER_OK", "context":{"environment":"Prod_southeastasia_prod-s01-064-apac-southeastasia", "migrationStage":"NotStarted", "server":"akswtt004000007"}}
{"logTime": "0206/205640", "correlationVector":"hhwcM13cKIgny6XFlXUi8l.2","action":"Commit Response", "result":"Success", "context":Result: Success. cV=hhwcM13cKIgny6XFlXUi8l.0;server=akswtt004000007;cloudType=Consumer;environment=Prod_southeastasia_prod-s01-064-apac-southeastasia;migrationStage=NotStarted}
{"logTime": "0206/205806", "correlationVector":"yKTYaGX2h6TfKZF1AkRi78","action":"Commit Request", "result":"", "context":Item count: 6
Contributing types: Sessions, History}
{"logTime": "0206/205806", "correlationVector":"yKTYaGX2h6TfKZF1AkRi78.1","action":"SyncServerConnectionManagerRequest", "result":"SYNC_SERVER_OK", "context":{"environment":"Prod_southeastasia_prod-s01-064-apac-southeastasia", "migrationStage":"NotStarted", "server":"akswtt004000033"}}
{"logTime": "0206/205806", "correlationVector":"yKTYaGX2h6TfKZF1AkRi78.2","action":"Commit Response", "result":"Success", "context":Result: Success. cV=yKTYaGX2h6TfKZF1AkRi78.0;server=akswtt004000033;cloudType=Consumer;environment=Prod_southeastasia_prod-s01-064-apac-southeastasia;migrationStage=NotStarted}
{"logTime": "0206/210034", "correlationVector":"2PIXzfMffUK5NwnCBHbOl1","action":"Commit Request", "result":"", "context":Item count: 3
Contributing types: Sessions, History}
{"logTime": "0206/210035", "correlationVector":"2PIXzfMffUK5NwnCBHbOl1.1","action":"SyncServerConnectionManagerRequest", "result":"SYNC_SERVER_OK", "context":{"environment":"Prod_southeastasia_prod-s01-064-apac-southeastasia", "migrationStage":"NotStarted", "server":"akswtt00400002g"}}
{"logTime": "0206/210035", "correlationVector":"2PIXzfMffUK5NwnCBHbOl1.2","action":"Commit Response", "result":"Success", "context":Result: Success. cV=2PIXzfMffUK5NwnCBHbOl1.0;server=akswtt00400002g;cloudType=Consumer;environment=Prod_southeastasia_prod-s01-064-apac-southeastasia;migrationStage=NotStarted}
{"logTime": "0206/210222", "correlationVector":"AEBf2Jka9b4w2GczwgphPR","action":"Commit Request", "result":"", "context":Item count: 4
Contributing types: Sessions, History}
{"logTime": "0206/210222", "correlationVector":"AEBf2Jka9b4w2GczwgphPR.1","action":"SyncServerConnectionManagerRequest", "result":"SYNC_SERVER_OK", "context":{"environment":"Prod_southeastasia_prod-s01-064-apac-southeastasia", "migrationStage":"NotStarted", "server":"akswtt00400002u"}}
{"logTime": "0206/210222", "correlationVector":"AEBf2Jka9b4w2GczwgphPR.2","action":"Commit Response", "result":"Success", "context":Result: Success. cV=AEBf2Jka9b4w2GczwgphPR.0;server=akswtt00400002u;cloudType=Consumer;environment=Prod_southeastasia_prod-s01-064-apac-southeastasia;migrationStage=NotStarted}
{"logTime": "0206/210417", "correlationVector":"QN3r0jKi2oQY26cEjfk7dd","action":"Commit Request", "result":"", "context":Item count: 3
Contributing types: Sessions, History}
{"logTime": "0206/210418", "correlationVector":"QN3r0jKi2oQY26cEjfk7dd.1","action":"SyncServerConnectionManagerRequest", "result":"SYNC_SERVER_OK", "context":{"environment":"Prod_southeastasia_prod-s01-064-apac-southeastasia", "migrationStage":"NotStarted", "server":"akswtt00400002p"}}
{"logTime": "0206/210418", "correlationVector":"QN3r0jKi2oQY26cEjfk7dd.2","action":"Commit Response", "result":"Success", "context":Result: Success. cV=QN3r0jKi2oQY26cEjfk7dd.0;server=akswtt00400002p;cloudType=Consumer;environment=Prod_southeastasia_prod-s01-064-apac-southeastasia;migrationStage=NotStarted}
{"logTime": "0206/211429", "correlationVector":"V3JCnXx1uqb1lCb7P0H8Vl","action":"Commit Request", "result":"", "context":Item count: 4
Contributing types: Sessions, History}
{"logTime": "0206/211429", "correlationVector":"V3JCnXx1uqb1lCb7P0H8Vl.1","action":"SyncServerConnectionManagerRequest", "result":"SYNC_SERVER_OK", "context":{"environment":"Prod_southeastasia_prod-s01-064-apac-southeastasia", "migrationStage":"NotStarted", "server":"akswtt00400001m"}}
{"logTime": "0206/211429", "correlationVector":"V3JCnXx1uqb1lCb7P0H8Vl.2","action":"Commit Response", "result":"Success", "context":Result: Success. cV=V3JCnXx1uqb1lCb7P0H8Vl.0;server=akswtt00400001m;cloudType=Consumer;environment=Prod_southeastasia_prod-s01-064-apac-southeastasia;migrationStage=NotStarted}
{"logTime": "0206/211722", "correlationVector":"asD4uUPvt7NKml0L858RSN","action":"Commit Request", "result":"", "context":Item count: 3
Contributing types: Sessions, History}
{"logTime": "0206/211723", "correlationVector":"asD4uUPvt7NKml0L858RSN.1","action":"SyncServerConnectionManagerRequest", "result":"SYNC_SERVER_OK", "context":{"environment":"Prod_southeastasia_prod-s01-064-apac-southeastasia", "migrationStage":"NotStarted", "server":"akswtt004000039"}}
{"logTime": "0206/211723", "correlationVector":"asD4uUPvt7NKml0L858RSN.2","action":"Commit Response", "result":"Success", "context":Result: Success. cV=asD4uUPvt7NKml0L858RSN.0;server=akswtt004000039;cloudType=Consumer;environment=Prod_southeastasia_prod-s01-064-apac-southeastasia;migrationStage=NotStarted}
{"logTime": "0206/211951", "correlationVector":"Na3CAqlHZLytaJIdZudp7f","action":"Commit Request", "result":"", "context":Item count: 1
Contributing types: Sessions}
{"logTime": "0206/211952", "correlationVector":"Na3CAqlHZLytaJIdZudp7f.1","action":"SyncServerConnectionManagerRequest", "result":"SYNC_SERVER_OK", "context":{"environment":"Prod_southeastasia_prod-s01-064-apac-southeastasia", "migrationStage":"NotStarted", "server":"akswtt00400001r"}}
{"logTime": "0206/211952", "correlationVector":"Na3CAqlHZLytaJIdZudp7f.2","action":"Commit Response", "result":"Success", "context":Result: Success. cV=Na3CAqlHZLytaJIdZudp7f.0;server=akswtt00400001r;cloudType=Consumer;environment=Prod_southeastasia_prod-s01-064-apac-southeastasia;migrationStage=NotStarted}
{"logTime": "0206/212334", "correlationVector":"rKs7lAZcsKHMzvsofVQMPU","action":"Commit Request", "result":"", "context":Item count: 1
Contributing types: Sessions}
{"logTime": "0206/212334", "correlationVector":"rKs7lAZcsKHMzvsofVQMPU.1","action":"SyncServerConnectionManagerRequest", "result":"SYNC_SERVER_OK", "context":{"environment":"Prod_southeastasia_prod-s01-064-apac-southeastasia", "migrationStage":"NotStarted", "server":"akswtt00400003f"}}
{"logTime": "0206/212334", "correlationVector":"rKs7lAZcsKHMzvsofVQMPU.2","action":"Commit Response", "result":"Success", "context":Result: Success. cV=rKs7lAZcsKHMzvsofVQMPU.0;server=akswtt00400003f;cloudType=Consumer;environment=Prod_southeastasia_prod-s01-064-apac-southeastasia;migrationStage=NotStarted}
{"logTime": "0206/212511", "correlationVector":"rsivvXYeKlrpcBqADKF6xu","action":"Commit Request", "result":"", "context":Item count: 1
Contributing types: Sessions}
{"logTime": "0206/212512", "correlationVector":"rsivvXYeKlrpcBqADKF6xu.1","action":"SyncServerConnectionManagerRequest", "result":"SYNC_SERVER_OK", "context":{"environment":"Prod_southeastasia_prod-s01-064-apac-southeastasia", "migrationStage":"NotStarted", "server":"akswtt004000008"}}
{"logTime": "0206/212512", "correlationVector":"rsivvXYeKlrpcBqADKF6xu.2","action":"Commit Response", "result":"Success", "context":Result: Success. cV=rsivvXYeKlrpcBqADKF6xu.0;server=akswtt004000008;cloudType=Consumer;environment=Prod_southeastasia_prod-s01-064-apac-southeastasia;migrationStage=NotStarted}
{"logTime": "0206/213510", "correlationVector":"k25Roaj+MTugGCXYgCfTzy.1","action":"SyncServerConnectionManagerRequest", "result":"SYNC_SERVER_OK", "context":{"environment":"Prod_southeastasia_prod-s01-064-apac-southeastasia", "migrationStage":"NotStarted", "server":"akswtt00400000u"}}
{"logTime": "0206/213511", "correlationVector":"Jvgx1QcqGxGKnLiKGN91Uh","action":"SyncServerConnectionManagerRequest", "result":"SYNC_SERVER_OK", "context":{"environment":"", "migrationStage":"", "server":""}}
{"logTime": "0206/213511", "correlationVector":"k25Roaj+MTugGCXYgCfTzy","action":"Initial GetUpdates", "result":"", "context":Reason: NEW_CLIENT. cV=k25Roaj+MTugGCXYgCfTzy}
{"logTime": "0206/213511", "correlationVector":"k25Roaj+MTugGCXYgCfTzy.2","action":"GetUpdates Response", "result":"Success", "context":Received 1 update(s). cV=k25Roaj+MTugGCXYgCfTzy.0;server=akswtt00400000u;cloudType=Consumer;environment=Prod_southeastasia_prod-s01-064-apac-southeastasia;migrationStage=NotStarted}
{"logTime": "0206/213511", "correlationVector":"xl/QZHQd6kz86u73zz+Ss6","action":"Initial GetUpdates", "result":"", "context":Reason: NEWLY_SUPPORTED_DATATYPE. cV=xl/QZHQd6kz86u73zz+Ss6}
{"logTime": "0206/213511", "correlationVector":"xl/QZHQd6kz86u73zz+Ss6.1","action":"SyncServerConnectionManagerRequest", "result":"SYNC_SERVER_OK", "context":{"environment":"Prod_southeastasia_prod-s01-064-apac-southeastasia", "migrationStage":"NotStarted", "server":"akswtt004000002"}}
{"logTime": "0206/213511", "correlationVector":"xl/QZHQd6kz86u73zz+Ss6.2","action":"GetUpdates", "result":"DeleteReceived", "context":{"id":"a0cd5993-9c48-4222-a833-c0625f5950da", "isDeleted:":"true", "version":"1718438024340"}}
{"logTime": "0206/213511", "correlationVector":"xl/QZHQd6kz86u73zz+Ss6.3","action":"GetUpdates", "result":"DeleteReceived", "context":{"id":"594f4e8a-9945-43bd-ab49-f6475bf5b15b", "isDeleted:":"true", "version":"1734294812266"}}
{"logTime": "0206/213511", "correlationVector":"xl/QZHQd6kz86u73zz+Ss6.4","action":"GetUpdates", "result":"DeleteReceived", "context":{"id":"c1afddd9-24f6-4de9-ac35-01cd293e3ddf", "isDeleted:":"true", "version":"1734294812278"}}
{"logTime": "0206/213511", "correlationVector":"xl/QZHQd6kz86u73zz+Ss6.5","action":"GetUpdates", "result":"DeleteReceived", "context":{"id":"d1c8c96d-6109-4cc5-981e-05217199a6ea", "isDeleted:":"true", "version":"1734294814212"}}
{"logTime": "0206/213511", "correlationVector":"xl/QZHQd6kz86u73zz+Ss6.6","action":"GetUpdates", "result":"DeleteReceived", "context":{"id":"9addc7a6-fd65-4cad-bf31-6bbdd6fa6f49", "isDeleted:":"true", "version":"1734297331107"}}
{"logTime": "0206/213511", "correlationVector":"xl/QZHQd6kz86u73zz+Ss6.7","action":"GetUpdates", "result":"DeleteReceived", "context":{"id":"34233860-08f2-47b7-a7e4-7b75b0d313df", "isDeleted:":"true", "version":"1736263781550"}}
{"logTime": "0206/213511", "correlationVector":"xl/QZHQd6kz86u73zz+Ss6.8","action":"GetUpdates", "result":"DeleteReceived", "context":{"id":"ff6226ab-a508-4ef5-8789-8e30ea7a5919", "isDeleted:":"true", "version":"1737531759367"}}
{"logTime": "0206/213511", "correlationVector":"xl/QZHQd6kz86u73zz+Ss6.9","action":"GetUpdates Response", "result":"Success", "context":Received 115 update(s). cV=xl/QZHQd6kz86u73zz+Ss6.0;server=akswtt004000002;cloudType=Consumer;environment=Prod_southeastasia_prod-s01-064-apac-southeastasia;migrationStage=NotStarted}
{"logTime": "0206/213511", "correlationVector":"HdZnNjBQPJ2W/kthEi8bl7","action":"Normal GetUpdate request", "result":"", "context":cV=HdZnNjBQPJ2W/kthEi8bl7
Nudged types: Sessions, History
Refresh requested types: Bookmarks, Preferences, Passwords, Autofill Profiles, Autofill, Extensions, Sessions, Extension settings, History Delete Directives, Device Info, User Consents, Send Tab To Self, Web Apps, History, Collection, Edge E Drop, Edge Hub App Usage, Edge Tab Group, Edge Wallet, Encryption Keys}
{"logTime": "0206/213512", "correlationVector":"HdZnNjBQPJ2W/kthEi8bl7.1","action":"SyncServerConnectionManagerRequest", "result":"SYNC_SERVER_OK", "context":{"environment":"Prod_southeastasia_prod-s01-064-apac-southeastasia", "migrationStage":"NotStarted", "server":"akswtt004000042"}}
{"logTime": "0206/213512", "correlationVector":"HdZnNjBQPJ2W/kthEi8bl7.2","action":"GetUpdates Response", "result":"Success", "context":Received 22 update(s). cV=HdZnNjBQPJ2W/kthEi8bl7.0;server=akswtt004000042;cloudType=Consumer;environment=Prod_southeastasia_prod-s01-064-apac-southeastasia;migrationStage=NotStarted}
{"logTime": "0206/213512", "correlationVector":"O6EewC4Ihhn4LN7Jd29RL1","action":"Commit Request", "result":"", "context":Item count: 4
Contributing types: Sessions, History}
{"logTime": "0206/213512", "correlationVector":"O6EewC4Ihhn4LN7Jd29RL1.1","action":"SyncServerConnectionManagerRequest", "result":"SYNC_SERVER_OK", "context":{"environment":"Prod_southeastasia_prod-s01-064-apac-southeastasia", "migrationStage":"NotStarted", "server":"akswtt00400002a"}}
{"logTime": "0206/213512", "correlationVector":"O6EewC4Ihhn4LN7Jd29RL1.2","action":"Commit Response", "result":"Success", "context":Result: Success. cV=O6EewC4Ihhn4LN7Jd29RL1.0;server=akswtt00400002a;cloudType=Consumer;environment=Prod_southeastasia_prod-s01-064-apac-southeastasia;migrationStage=NotStarted}
{"logTime": "0206/213516", "correlationVector":"t3yoWJkkx5x3P5N4jUYFPa","action":"Commit Request", "result":"", "context":Item count: 9
Contributing types: Preferences, Sessions, History}
{"logTime": "0206/213517", "correlationVector":"t3yoWJkkx5x3P5N4jUYFPa.1","action":"SyncServerConnectionManagerRequest", "result":"SYNC_SERVER_OK", "context":{"environment":"Prod_southeastasia_prod-s01-064-apac-southeastasia", "migrationStage":"NotStarted", "server":"akswtt00400000w"}}
{"logTime": "0206/213517", "correlationVector":"t3yoWJkkx5x3P5N4jUYFPa.3","action":"Commit.Sessions", "result":"Success", "context":{"id":"6db1b6af-97f8-4cf5-b37e-47e7f2f0aa3f", "isDeleted":"true", "size":"0", "version":"1738877715438"}}
{"logTime": "0206/213517", "correlationVector":"t3yoWJkkx5x3P5N4jUYFPa.2","action":"Commit Response", "result":"Success", "context":Result: Success. cV=t3yoWJkkx5x3P5N4jUYFPa.0;server=akswtt00400000w;cloudType=Consumer;environment=Prod_southeastasia_prod-s01-064-apac-southeastasia;migrationStage=NotStarted}
{"logTime": "0206/213531", "correlationVector":"A59BzYBUIogRLBp8/cm9W0","action":"Commit Request", "result":"", "context":Item count: 1
Contributing types: Preferences}
{"logTime": "0206/213531", "correlationVector":"A59BzYBUIogRLBp8/cm9W0.1","action":"SyncServerConnectionManagerRequest", "result":"SYNC_SERVER_OK", "context":{"environment":"Prod_southeastasia_prod-s01-064-apac-southeastasia", "migrationStage":"NotStarted", "server":"akswtt004000002"}}
{"logTime": "0206/213531", "correlationVector":"A59BzYBUIogRLBp8/cm9W0.2","action":"Commit Response", "result":"Success", "context":Result: Success. cV=A59BzYBUIogRLBp8/cm9W0.0;server=akswtt004000002;cloudType=Consumer;environment=Prod_southeastasia_prod-s01-064-apac-southeastasia;migrationStage=NotStarted}
{"logTime": "0206/213703", "correlationVector":"hdz54I5x5qw56rquEU7BRm","action":"Commit Request", "result":"", "context":Item count: 3
Contributing types: Sessions, History}
{"logTime": "0206/213704", "correlationVector":"hdz54I5x5qw56rquEU7BRm.1","action":"SyncServerConnectionManagerRequest", "result":"SYNC_SERVER_OK", "context":{"environment":"Prod_southeastasia_prod-s01-064-apac-southeastasia", "migrationStage":"NotStarted", "server":"akswtt00400000y"}}
{"logTime": "0206/213704", "correlationVector":"hdz54I5x5qw56rquEU7BRm.2","action":"Commit Response", "result":"Success", "context":Result: Success. cV=hdz54I5x5qw56rquEU7BRm.0;server=akswtt00400000y;cloudType=Consumer;environment=Prod_southeastasia_prod-s01-064-apac-southeastasia;migrationStage=NotStarted}
{"logTime": "0206/214037", "correlationVector":"jGsCg7/T4Fbbb3hXcywvMr","action":"Commit Request", "result":"", "context":Item count: 4
Contributing types: Sessions, History}
{"logTime": "0206/214038", "correlationVector":"jGsCg7/T4Fbbb3hXcywvMr.1","action":"SyncServerConnectionManagerRequest", "result":"SYNC_SERVER_OK", "context":{"environment":"Prod_southeastasia_prod-s01-064-apac-southeastasia", "migrationStage":"NotStarted", "server":"akswtt00400000a"}}
{"logTime": "0206/214038", "correlationVector":"jGsCg7/T4Fbbb3hXcywvMr.2","action":"Commit Response", "result":"Success", "context":Result: Success. cV=jGsCg7/T4Fbbb3hXcywvMr.0;server=akswtt00400000a;cloudType=Consumer;environment=Prod_southeastasia_prod-s01-064-apac-southeastasia;migrationStage=NotStarted}
{"logTime": "0206/214139", "correlationVector":"S2l/eM/QyfvRZMzQD5hCXS","action":"Normal GetUpdate request", "result":"", "context":cV=S2l/eM/QyfvRZMzQD5hCXS
Notified types: History}
{"logTime": "0206/214140", "correlationVector":"S2l/eM/QyfvRZMzQD5hCXS.1","action":"SyncServerConnectionManagerRequest", "result":"SYNC_SERVER_OK", "context":{"environment":"Prod_southeastasia_prod-s01-064-apac-southeastasia", "migrationStage":"NotStarted", "server":"akswtt004000028"}}
{"logTime": "0206/214140", "correlationVector":"S2l/eM/QyfvRZMzQD5hCXS.2","action":"GetUpdates", "result":"DeleteReceived", "context":{"id":"6db1b6af-97f8-4cf5-b37e-47e7f2f0aa3f", "isDeleted:":"true", "version":"1738877720331"}}
{"logTime": "0206/214140", "correlationVector":"S2l/eM/QyfvRZMzQD5hCXS.3","action":"GetUpdates Response", "result":"Success", "context":Received 19 update(s). cV=S2l/eM/QyfvRZMzQD5hCXS.0;server=akswtt004000028;cloudType=Consumer;environment=Prod_southeastasia_prod-s01-064-apac-southeastasia;migrationStage=NotStarted}
{"logTime": "0206/214240", "correlationVector":"NatAB9hFzlrV1hMZxNc5lv","action":"Normal GetUpdate request", "result":"", "context":cV=NatAB9hFzlrV1hMZxNc5lv
Notified types: History}
{"logTime": "0206/214240", "correlationVector":"NatAB9hFzlrV1hMZxNc5lv.1","action":"SyncServerConnectionManagerRequest", "result":"SYNC_SERVER_OK", "context":{"environment":"Prod_southeastasia_prod-s01-064-apac-southeastasia", "migrationStage":"NotStarted", "server":"akswtt004000008"}}
{"logTime": "0206/214240", "correlationVector":"NatAB9hFzlrV1hMZxNc5lv.2","action":"GetUpdates Response", "result":"Success", "context":Received 5 update(s). cV=NatAB9hFzlrV1hMZxNc5lv.0;server=akswtt004000008;cloudType=Consumer;environment=Prod_southeastasia_prod-s01-064-apac-southeastasia;migrationStage=NotStarted}
{"logTime": "0206/214512", "correlationVector":"j+Pj3LWjMZ8adhc1qgx9Fi","action":"Commit Request", "result":"", "context":Item count: 6
Contributing types: Sessions, History}
{"logTime": "0206/214513", "correlationVector":"j+Pj3LWjMZ8adhc1qgx9Fi.1","action":"SyncServerConnectionManagerRequest", "result":"SYNC_SERVER_OK", "context":{"environment":"Prod_southeastasia_prod-s01-064-apac-southeastasia", "migrationStage":"NotStarted", "server":"akswtt00400002e"}}
{"logTime": "0206/214513", "correlationVector":"j+Pj3LWjMZ8adhc1qgx9Fi.2","action":"Commit Response", "result":"Success", "context":Result: Success. cV=j+Pj3LWjMZ8adhc1qgx9Fi.0;server=akswtt00400002e;cloudType=Consumer;environment=Prod_southeastasia_prod-s01-064-apac-southeastasia;migrationStage=NotStarted}
{"logTime": "0206/214617", "correlationVector":"JJAXpNE8WuM7i3JfNShCnV","action":"Commit Request", "result":"", "context":Item count: 4
Contributing types: Sessions, History}
{"logTime": "0206/214618", "correlationVector":"JJAXpNE8WuM7i3JfNShCnV.1","action":"SyncServerConnectionManagerRequest", "result":"SYNC_SERVER_OK", "context":{"environment":"Prod_southeastasia_prod-s01-064-apac-southeastasia", "migrationStage":"NotStarted", "server":"akswtt00400001m"}}
{"logTime": "0206/214618", "correlationVector":"JJAXpNE8WuM7i3JfNShCnV.2","action":"Commit Response", "result":"Success", "context":Result: Success. cV=JJAXpNE8WuM7i3JfNShCnV.0;server=akswtt00400001m;cloudType=Consumer;environment=Prod_southeastasia_prod-s01-064-apac-southeastasia;migrationStage=NotStarted}
{"logTime": "0206/215110", "correlationVector":"Bsyx1DeQN/fVbH+Q+nHAde","action":"Commit Request", "result":"", "context":Item count: 3
Contributing types: Sessions, History}
{"logTime": "0206/215111", "correlationVector":"Bsyx1DeQN/fVbH+Q+nHAde.1","action":"SyncServerConnectionManagerRequest", "result":"SYNC_SERVER_OK", "context":{"environment":"Prod_southeastasia_prod-s01-064-apac-southeastasia", "migrationStage":"NotStarted", "server":"akswtt004000001"}}
{"logTime": "0206/215111", "correlationVector":"Bsyx1DeQN/fVbH+Q+nHAde.2","action":"Commit Response", "result":"Success", "context":Result: Success. cV=Bsyx1DeQN/fVbH+Q+nHAde.0;server=akswtt004000001;cloudType=Consumer;environment=Prod_southeastasia_prod-s01-064-apac-southeastasia;migrationStage=NotStarted}
{"logTime": "0206/221549", "correlationVector":"4a4cxXsqvOrf0w/KxYVu+5","action":"Commit Request", "result":"", "context":Item count: 3
Contributing types: Sessions, History}
{"logTime": "0206/221550", "correlationVector":"4a4cxXsqvOrf0w/KxYVu+5.1","action":"SyncServerConnectionManagerRequest", "result":"SYNC_SERVER_OK", "context":{"environment":"Prod_southeastasia_prod-s01-064-apac-southeastasia", "migrationStage":"NotStarted", "server":"akswtt00400002u"}}
{"logTime": "0206/221550", "correlationVector":"4a4cxXsqvOrf0w/KxYVu+5.2","action":"Commit Response", "result":"Success", "context":Result: Success. cV=4a4cxXsqvOrf0w/KxYVu+5.0;server=akswtt00400002u;cloudType=Consumer;environment=Prod_southeastasia_prod-s01-064-apac-southeastasia;migrationStage=NotStarted}
{"logTime": "0206/222829", "correlationVector":"jTWGIoiN09fDDIThfVYfld","action":"Commit Request", "result":"", "context":Item count: 1
Contributing types: Sessions}
{"logTime": "0206/222829", "correlationVector":"jTWGIoiN09fDDIThfVYfld.1","action":"SyncServerConnectionManagerRequest", "result":"SYNC_SERVER_OK", "context":{"environment":"Prod_southeastasia_prod-s01-064-apac-southeastasia", "migrationStage":"NotStarted", "server":"akswtt00400000y"}}
{"logTime": "0206/222829", "correlationVector":"jTWGIoiN09fDDIThfVYfld.2","action":"Commit Response", "result":"Success", "context":Result: Success. cV=jTWGIoiN09fDDIThfVYfld.0;server=akswtt00400000y;cloudType=Consumer;environment=Prod_southeastasia_prod-s01-064-apac-southeastasia;migrationStage=NotStarted}
