2025-01-17 03:14:32.873: [INFO][Sync] Reset engine, reason: 8
2025-01-17 03:14:32.873: [INFO][Sync] Stopped: Bookmarks
2025-01-17 03:14:32.873: [INFO][Sync] Stopped: Preferences
2025-01-17 03:14:32.873: [INFO][Sync] Stopped: Passwords
2025-01-17 03:14:32.873: [INFO][Sync] Stopped: Autofill Profiles
2025-01-17 03:14:32.873: [INFO][Sync] Stopped: Autofill
2025-01-17 03:14:32.873: [INFO][Sync] Stopped: Typed URLs
2025-01-17 03:14:32.873: [INFO][Sync] Stopped: Extensions
2025-01-17 03:14:32.873: [INFO][Sync] Stopped: Sessions
2025-01-17 03:14:32.873: [INFO][Sync] Stopped: Extension settings
2025-01-17 03:14:32.873: [INFO][Sync] Stopped: History Delete Directives
2025-01-17 03:14:32.873: [INFO][Sync] Stopped: Device Info
2025-01-17 03:14:32.873: [INFO][Sync] Stopped: User Consents
2025-01-17 03:14:32.874: [INFO][Sync] Stopped: Send Tab To Self
2025-01-17 03:14:32.874: [INFO][Sync] Stopped: Web Apps
2025-01-17 03:14:32.874: [INFO][Sync] Stopped: History
2025-01-17 03:14:32.874: [INFO][Sync] Stopped: Collection
2025-01-17 03:14:32.874: [INFO][Sync] Stopped: Edge E Drop
2025-01-17 03:14:32.874: [INFO][Sync] Stopped: Edge Hub App Usage
2025-01-17 03:14:32.874: [INFO][Sync] Stopped: Edge Tab Group
2025-01-17 03:14:32.874: [INFO][Sync] Stopped: Edge Wallet
2025-01-17 03:14:32.874: [INFO][Sync] SyncState after authenticated was: NotSignedIn
2025-01-17 03:14:33.102: [INFO][Sync] Reset engine, reason: 8
2025-01-17 03:14:33.102: [INFO][Sync] Stopped: Bookmarks
2025-01-17 03:14:33.102: [INFO][Sync] Stopped: Preferences
2025-01-17 03:14:33.102: [INFO][Sync] Stopped: Passwords
2025-01-17 03:14:33.102: [INFO][Sync] Stopped: Autofill Profiles
2025-01-17 03:14:33.102: [INFO][Sync] Stopped: Autofill
2025-01-17 03:14:33.102: [INFO][Sync] Stopped: Typed URLs
2025-01-17 03:14:33.102: [INFO][Sync] Stopped: Extensions
2025-01-17 03:14:33.102: [INFO][Sync] Stopped: Sessions
2025-01-17 03:14:33.102: [INFO][Sync] Stopped: Extension settings
2025-01-17 03:14:33.102: [INFO][Sync] Stopped: History Delete Directives
2025-01-17 03:14:33.102: [INFO][Sync] Stopped: Device Info
2025-01-17 03:14:33.102: [INFO][Sync] Stopped: User Consents
2025-01-17 03:14:33.102: [INFO][Sync] Stopped: Send Tab To Self
2025-01-17 03:14:33.102: [INFO][Sync] Stopped: Web Apps
2025-01-17 03:14:33.102: [INFO][Sync] Stopped: History
2025-01-17 03:14:33.102: [INFO][Sync] Stopped: Collection
2025-01-17 03:14:33.102: [INFO][Sync] Stopped: Edge E Drop
2025-01-17 03:14:33.102: [INFO][Sync] Stopped: Edge Hub App Usage
2025-01-17 03:14:33.102: [INFO][Sync] Stopped: Edge Tab Group
2025-01-17 03:14:33.102: [INFO][Sync] Stopped: Edge Wallet
2025-01-17 03:14:33.287: [INFO][Sync] Try to start sync engine
2025-01-17 03:14:33.288: [INFO][SyncManagerImpl::NudgeForInitialDownload] Initial download nudge for Encryption Keys
2025-01-17 03:14:33.288: [INFO][SyncEngineBackend::LoadAndConnectNigoriController] Load and connect Nigori controller
2025-01-17 03:14:33.288: [INFO][SyncEngineBackend::DoInitialize] Control Types added: Encryption Keys
2025-01-17 03:14:33.288: [INFO][SyncManagerImpl::ConfigureSyncer] Types to download: Encryption Keys with reason: 3
2025-01-17 03:14:33.288: [INFO][SyncSchedulerImpl::DoConfigurationSyncCycleJob] Configure job was blocked
2025-01-17 03:14:33.418: [INFO][SyncAuthManager::SetLastAuthError] Current auth error: None
2025-01-17 03:14:33.418: [INFO][SyncAuthManager::EdgeLogTokenErrorState] Token error with: None for account type: MSA
2025-01-17 03:14:33.418: [INFO][Sync] Credentials changed for: EdgeSyncScopeNew
2025-01-17 03:14:33.858: [INFO][SyncAuthManager::SetLastAuthError] Current auth error: None
2025-01-17 03:14:33.858: [INFO][SyncAuthManager::EdgeLogTokenErrorState] Token error with: None for account type: MSA
2025-01-17 03:14:33.858: [INFO][Sync] Credentials changed for: EdgeSyncKeyDataScope
2025-01-17 03:14:33.858: [INFO][SyncEngineBackend::DoUpdateKeyDataCredentials] Update key data credentials
2025-01-17 03:14:33.859: [INFO][SyncEngineBackend::DoUpdateCredentials] Update credentials
2025-01-17 03:14:33.859: [INFO][SyncSchedulerImpl::DoConfigurationSyncCycleJob] Blocked types:  and types to download: Encryption Keys
2025-01-17 03:14:34.089: [INFO][Sync] Started DataTypeManager configuration, reason: 4
2025-01-17 03:14:34.089: [INFO][Sync] Configuring for: Bookmarks, Preferences, Passwords, Autofill Profiles, Autofill, Typed URLs, Extensions, Sessions, Extension settings, History Delete Directives, Device Info, User Consents, Send Tab To Self, Web Apps, History, Collection, Edge E Drop, Edge Hub App Usage, Edge Tab Group, Edge Wallet, Encryption Keys, reason: 3, current state: 0
2025-01-17 03:14:34.090: [INFO][Sync] Configure, desired: Bookmarks, Preferences, Typed URLs, Extensions, Sessions, Extension settings, History Delete Directives, Device Info, User Consents, Send Tab To Self, Web Apps, History, Collection, Edge E Drop, Edge Hub App Usage, Edge Tab Group, Edge Wallet, Encryption Keys; Allow fail: Passwords, Autofill Profiles, Autofill
2025-01-17 03:14:34.091: [INFO][Sync] Loading: Bookmarks
2025-01-17 03:14:34.091: [INFO][Sync] Loading: Preferences
2025-01-17 03:14:34.091: [INFO][Sync] Loading: Typed URLs
2025-01-17 03:14:34.091: [INFO][Sync] Loading: Extensions
2025-01-17 03:14:34.091: [INFO][Sync] Loading: Sessions
2025-01-17 03:14:34.091: [INFO][Sync] Loading: Extension settings
2025-01-17 03:14:34.091: [INFO][Sync] Loading: History Delete Directives
2025-01-17 03:14:34.091: [INFO][Sync] Loading: Device Info
2025-01-17 03:14:34.091: [INFO][Sync] Loading: User Consents
2025-01-17 03:14:34.091: [INFO][Sync] Loading: Send Tab To Self
2025-01-17 03:14:34.091: [INFO][Sync] Loading: Web Apps
2025-01-17 03:14:34.091: [INFO][Sync] Loading: History
2025-01-17 03:14:34.091: [INFO][Sync] Loading: Collection
2025-01-17 03:14:34.091: [INFO][Sync] Loading: Edge E Drop
2025-01-17 03:14:34.092: [INFO][Sync] Loading: Edge Hub App Usage
2025-01-17 03:14:34.092: [INFO][Sync] Loading: Edge Tab Group
2025-01-17 03:14:34.092: [INFO][Sync] Loading: Edge Wallet
2025-01-17 03:14:34.106: [INFO][Sync] All data types are ready for configure.
2025-01-17 03:14:34.460: [INFO][Sync] Started DataTypeManager configuration, reason: 5
2025-01-17 03:14:34.460: [INFO][Sync] Configuring for: Bookmarks, Preferences, Passwords, Autofill Profiles, Autofill, Typed URLs, Extensions, Sessions, Extension settings, History Delete Directives, Device Info, User Consents, Send Tab To Self, Web Apps, History, Collection, Edge E Drop, Edge Hub App Usage, Edge Tab Group, Edge Wallet, Encryption Keys, reason: 5, current state: 1
2025-01-17 03:14:34.460: [INFO][SyncEngineBackend::DoStartConfiguration] Start configuration
2025-01-17 03:14:34.460: [INFO][SyncManagerImpl::NudgeForInitialDownload] Initial download nudge for Bookmarks
2025-01-17 03:14:34.460: [INFO][SyncManagerImpl::NudgeForInitialDownload] Initial download nudge for Preferences
2025-01-17 03:14:34.460: [INFO][SyncManagerImpl::NudgeForInitialDownload] Initial download nudge for Typed URLs
2025-01-17 03:14:34.460: [INFO][SyncManagerImpl::NudgeForInitialDownload] Initial download nudge for Extensions
2025-01-17 03:14:34.460: [INFO][SyncManagerImpl::NudgeForInitialDownload] Initial download nudge for Sessions
2025-01-17 03:14:34.460: [INFO][SyncManagerImpl::NudgeForInitialDownload] Initial download nudge for Extension settings
2025-01-17 03:14:34.460: [INFO][SyncManagerImpl::NudgeForInitialDownload] Initial download nudge for History Delete Directives
2025-01-17 03:14:34.460: [INFO][SyncManagerImpl::NudgeForInitialDownload] Initial download nudge for Device Info
2025-01-17 03:14:34.460: [INFO][SyncManagerImpl::NudgeForInitialDownload] Initial download nudge for Send Tab To Self
2025-01-17 03:14:34.460: [INFO][SyncManagerImpl::NudgeForInitialDownload] Initial download nudge for Web Apps
2025-01-17 03:14:34.460: [INFO][SyncManagerImpl::NudgeForInitialDownload] Initial download nudge for History
2025-01-17 03:14:34.460: [INFO][SyncManagerImpl::NudgeForInitialDownload] Initial download nudge for Collection
2025-01-17 03:14:34.460: [INFO][SyncManagerImpl::NudgeForInitialDownload] Initial download nudge for Edge E Drop
2025-01-17 03:14:34.460: [INFO][SyncManagerImpl::NudgeForInitialDownload] Initial download nudge for Edge Hub App Usage
2025-01-17 03:14:34.460: [INFO][SyncManagerImpl::NudgeForInitialDownload] Initial download nudge for Edge Tab Group
2025-01-17 03:14:34.460: [INFO][SyncManagerImpl::NudgeForInitialDownload] Initial download nudge for Edge Wallet
2025-01-17 03:14:34.460: [INFO][SyncManagerImpl::ConfigureSyncer] Types to download:  with reason: 3
2025-01-17 03:14:34.460: [INFO][SyncEngineBackend::DoFinishConfigureDataTypes] Failed to download types:  and succeeded types: 
2025-01-17 03:14:34.461: [INFO][Sync] ConfigurationDone, failed: , succeeded: , remaining count: 4
2025-01-17 03:14:34.461: [WARN][Sync]     Reconfigure requested while configuration ongoing.
2025-01-17 03:14:34.462: [INFO][Sync] Configuring for: Bookmarks, Preferences, Passwords, Autofill Profiles, Autofill, Typed URLs, Extensions, Sessions, Extension settings, History Delete Directives, Device Info, User Consents, Send Tab To Self, Web Apps, History, Collection, Edge E Drop, Edge Hub App Usage, Edge Tab Group, Edge Wallet, Encryption Keys, reason: 5, current state: 2
2025-01-17 03:14:34.462: [INFO][Sync] Configure, desired: Bookmarks, Preferences, Passwords, Autofill Profiles, Autofill, Typed URLs, Extensions, Sessions, Extension settings, History Delete Directives, Device Info, User Consents, Send Tab To Self, Web Apps, History, Collection, Edge E Drop, Edge Hub App Usage, Edge Tab Group, Edge Wallet, Encryption Keys; Allow fail: 
2025-01-17 03:14:34.462: [INFO][Sync] Loading: Passwords
2025-01-17 03:14:34.462: [INFO][Sync] Loading: Autofill Profiles
2025-01-17 03:14:34.462: [INFO][Sync] Loading: Autofill
2025-01-17 03:14:34.462: [INFO][Sync] All data types are ready for configure.
2025-01-17 03:14:34.462: [INFO][SyncManagerImpl::NudgeForInitialDownload] Initial download nudge for Passwords
2025-01-17 03:14:34.462: [INFO][SyncManagerImpl::NudgeForInitialDownload] Initial download nudge for Autofill Profiles
2025-01-17 03:14:34.462: [INFO][SyncManagerImpl::NudgeForInitialDownload] Initial download nudge for Autofill
2025-01-17 03:14:34.462: [INFO][SyncManagerImpl::ConfigureSyncer] Types to download:  with reason: 5
2025-01-17 03:14:34.462: [INFO][SyncEngineBackend::DoFinishConfigureDataTypes] Failed to download types:  and succeeded types: 
2025-01-17 03:14:34.463: [INFO][Sync] ConfigurationDone, failed: , succeeded: , remaining count: 4
2025-01-17 03:14:34.463: [INFO][Sync] Prepare to configure types: Preferences, Passwords, Device Info, Send Tab To Self, Edge E Drop, Encryption Keys
2025-01-17 03:14:34.463: [INFO][SyncManagerImpl::ConfigureSyncer] Types to download: Preferences, Passwords, Device Info, Send Tab To Self, Edge E Drop, Encryption Keys with reason: 5
2025-01-17 03:14:34.463: [INFO][SyncSchedulerImpl::DoConfigurationSyncCycleJob] Blocked types:  and types to download: Preferences, Passwords, Device Info, Send Tab To Self, Edge E Drop, Encryption Keys
2025-01-17 03:14:35.078: [INFO][SyncEngineBackend::DoFinishConfigureDataTypes] Failed to download types:  and succeeded types: Preferences, Passwords, Device Info, Send Tab To Self, Edge E Drop, Encryption Keys
2025-01-17 03:14:35.090: [INFO][Sync] ConfigurationDone, failed: , succeeded: Preferences, Passwords, Device Info, Send Tab To Self, Edge E Drop, Encryption Keys, remaining count: 3
2025-01-17 03:14:35.090: [INFO][Sync] Prepare to configure types: Bookmarks, Encryption Keys
2025-01-17 03:14:35.090: [INFO][SyncManagerImpl::ConfigureSyncer] Types to download: Bookmarks, Encryption Keys with reason: 5
2025-01-17 03:14:35.090: [INFO][SyncSchedulerImpl::DoConfigurationSyncCycleJob] Blocked types:  and types to download: Bookmarks, Encryption Keys
2025-01-17 03:14:35.297: [INFO][SyncEngineBackend::DoFinishConfigureDataTypes] Failed to download types:  and succeeded types: Bookmarks, Encryption Keys
2025-01-17 03:14:35.300: [INFO][Sync] ConfigurationDone, failed: , succeeded: Bookmarks, Encryption Keys, remaining count: 2
2025-01-17 03:14:35.301: [INFO][Sync] Prepare to configure types: Autofill Profiles, Autofill, Typed URLs, Extensions, Sessions, Extension settings, History Delete Directives, Web Apps, Collection, Edge Hub App Usage, Edge Tab Group, Edge Wallet, Encryption Keys
2025-01-17 03:14:35.301: [INFO][SyncManagerImpl::ConfigureSyncer] Types to download: Autofill Profiles, Autofill, Typed URLs, Extensions, Sessions, Extension settings, History Delete Directives, Web Apps, Collection, Edge Hub App Usage, Edge Tab Group, Edge Wallet, Encryption Keys with reason: 5
2025-01-17 03:14:35.301: [INFO][SyncSchedulerImpl::DoConfigurationSyncCycleJob] Blocked types:  and types to download: Autofill Profiles, Autofill, Typed URLs, Extensions, Sessions, Extension settings, History Delete Directives, Web Apps, Collection, Edge Hub App Usage, Edge Tab Group, Edge Wallet, Encryption Keys
2025-01-17 03:14:37.105: [INFO][SyncEngineBackend::DoFinishConfigureDataTypes] Failed to download types:  and succeeded types: Autofill Profiles, Autofill, Typed URLs, Extensions, Sessions, Extension settings, History Delete Directives, Web Apps, Collection, Edge Hub App Usage, Edge Tab Group, Edge Wallet, Encryption Keys
2025-01-17 03:14:37.107: [INFO][Sync] ConfigurationDone, failed: , succeeded: Autofill Profiles, Autofill, Typed URLs, Extensions, Sessions, Extension settings, History Delete Directives, Web Apps, Collection, Edge Hub App Usage, Edge Tab Group, Edge Wallet, Encryption Keys, remaining count: 1
2025-01-17 03:14:37.108: [INFO][Sync] Prepare to configure types: History, Encryption Keys
2025-01-17 03:14:37.108: [INFO][SyncManagerImpl::ConfigureSyncer] Types to download: History, Encryption Keys with reason: 5
2025-01-17 03:14:37.108: [INFO][SyncSchedulerImpl::DoConfigurationSyncCycleJob] Blocked types:  and types to download: History, Encryption Keys
2025-01-17 03:14:44.669: [INFO][SyncEngineBackend::DoFinishConfigureDataTypes] Failed to download types:  and succeeded types: History, Encryption Keys
2025-01-17 03:14:44.673: [INFO][Sync] ConfigurationDone, failed: , succeeded: History, Encryption Keys, remaining count: 0
2025-01-17 03:14:44.675: [INFO][Sync]     Configuration completed, state: 7
2025-01-17 03:14:44.675: [INFO][Sync] Configured DataTypeManager: Ok
2025-01-17 03:14:44.678: [INFO][SyncEngineBackend::DoStartSyncing] Start syncing
2025-01-17 03:21:47.519: [INFO][Sync] Reset engine, reason: 0
2025-01-17 03:21:47.519: [INFO][Sync] Reset engine with reason: 0
2025-01-17 03:22:16.781: [INFO][Sync] SyncState after authenticated was: FeatureCanStart
2025-01-17 03:22:17.058: [INFO][Sync] Try to start sync engine
2025-01-17 03:22:17.059: [INFO][SyncManagerImpl::NudgeForInitialDownload] Initial download nudge for Encryption Keys
2025-01-17 03:22:17.059: [INFO][SyncEngineBackend::LoadAndConnectNigoriController] Load and connect Nigori controller
2025-01-17 03:22:17.059: [INFO][SyncEngineBackend::DoInitialize] Control Types added: Encryption Keys
2025-01-17 03:22:17.060: [INFO][SyncManagerImpl::ConfigureSyncer] Types to download: Encryption Keys with reason: 3
2025-01-17 03:22:17.060: [INFO][SyncSchedulerImpl::DoConfigurationSyncCycleJob] Configure job was blocked
2025-01-17 03:22:17.099: [INFO][SyncAuthManager::SetLastAuthError] Current auth error: None
2025-01-17 03:22:17.099: [INFO][SyncAuthManager::EdgeLogTokenErrorState] Token error with: None for account type: MSA
2025-01-17 03:22:17.099: [INFO][Sync] Credentials changed for: EdgeSyncScopeNew
2025-01-17 03:22:17.917: [INFO][SyncAuthManager::SetLastAuthError] Current auth error: None
2025-01-17 03:22:17.917: [INFO][SyncAuthManager::EdgeLogTokenErrorState] Token error with: None for account type: MSA
2025-01-17 03:22:17.917: [INFO][Sync] Credentials changed for: EdgeSyncKeyDataScope
2025-01-17 03:22:17.917: [INFO][SyncEngineBackend::DoUpdateKeyDataCredentials] Update key data credentials
2025-01-17 03:22:17.917: [INFO][SyncEngineBackend::DoUpdateCredentials] Update credentials
2025-01-17 03:22:17.917: [INFO][SyncSchedulerImpl::DoConfigurationSyncCycleJob] Blocked types:  and types to download: Encryption Keys
2025-01-17 03:22:18.132: [INFO][Sync] Started DataTypeManager configuration, reason: 4
2025-01-17 03:22:18.132: [INFO][Sync] Configuring for: Bookmarks, Preferences, Passwords, Autofill Profiles, Autofill, Extensions, Sessions, Extension settings, History Delete Directives, Device Info, User Consents, Send Tab To Self, Web Apps, History, Collection, Edge E Drop, Edge Hub App Usage, Edge Tab Group, Edge Wallet, Encryption Keys, reason: 4, current state: 0
2025-01-17 03:22:18.134: [INFO][Sync] Configure, desired: Bookmarks, Preferences, Extensions, Sessions, Extension settings, History Delete Directives, Device Info, User Consents, Send Tab To Self, Web Apps, History, Collection, Edge E Drop, Edge Hub App Usage, Edge Tab Group, Edge Wallet, Encryption Keys; Allow fail: Passwords, Autofill Profiles, Autofill
2025-01-17 03:22:18.134: [INFO][Sync] Loading: Bookmarks
2025-01-17 03:22:18.134: [INFO][Sync] Loading: Preferences
2025-01-17 03:22:18.134: [INFO][Sync] Loading: Extensions
2025-01-17 03:22:18.134: [INFO][Sync] Loading: Sessions
2025-01-17 03:22:18.134: [INFO][Sync] Loading: Extension settings
2025-01-17 03:22:18.134: [INFO][Sync] Loading: History Delete Directives
2025-01-17 03:22:18.134: [INFO][Sync] Loading: Device Info
2025-01-17 03:22:18.134: [INFO][Sync] Loading: User Consents
2025-01-17 03:22:18.134: [INFO][Sync] Loading: Send Tab To Self
2025-01-17 03:22:18.134: [INFO][Sync] Loading: Web Apps
2025-01-17 03:22:18.134: [INFO][Sync] Loading: History
2025-01-17 03:22:18.134: [INFO][Sync] Loading: Collection
2025-01-17 03:22:18.134: [INFO][Sync] Loading: Edge E Drop
2025-01-17 03:22:18.134: [INFO][Sync] Loading: Edge Hub App Usage
2025-01-17 03:22:18.134: [INFO][Sync] Loading: Edge Tab Group
2025-01-17 03:22:18.134: [INFO][Sync] Loading: Edge Wallet
2025-01-17 03:22:18.138: [INFO][Sync] All data types are ready for configure.
2025-01-17 03:22:18.705: [INFO][SyncEngineBackend::DoStartConfiguration] Start configuration
2025-01-17 03:22:18.705: [INFO][SyncManagerImpl::ConfigureSyncer] Types to download:  with reason: 4
2025-01-17 03:22:18.705: [INFO][SyncEngineBackend::DoFinishConfigureDataTypes] Failed to download types:  and succeeded types: 
2025-01-17 03:22:18.705: [INFO][Sync] Started DataTypeManager configuration, reason: 5
2025-01-17 03:22:18.706: [INFO][Sync] Configuring for: Bookmarks, Preferences, Passwords, Autofill Profiles, Autofill, Extensions, Sessions, Extension settings, History Delete Directives, Device Info, User Consents, Send Tab To Self, Web Apps, History, Collection, Edge E Drop, Edge Hub App Usage, Edge Tab Group, Edge Wallet, Encryption Keys, reason: 5, current state: 1
2025-01-17 03:22:18.708: [INFO][Sync] ConfigurationDone, failed: , succeeded: , remaining count: 4
2025-01-17 03:22:18.708: [WARN][Sync]     Reconfigure requested while configuration ongoing.
2025-01-17 03:22:18.708: [INFO][Sync] Configuring for: Bookmarks, Preferences, Passwords, Autofill Profiles, Autofill, Extensions, Sessions, Extension settings, History Delete Directives, Device Info, User Consents, Send Tab To Self, Web Apps, History, Collection, Edge E Drop, Edge Hub App Usage, Edge Tab Group, Edge Wallet, Encryption Keys, reason: 5, current state: 2
2025-01-17 03:22:18.708: [INFO][Sync] Configure, desired: Bookmarks, Preferences, Passwords, Autofill Profiles, Autofill, Extensions, Sessions, Extension settings, History Delete Directives, Device Info, User Consents, Send Tab To Self, Web Apps, History, Collection, Edge E Drop, Edge Hub App Usage, Edge Tab Group, Edge Wallet, Encryption Keys; Allow fail: 
2025-01-17 03:22:18.708: [INFO][Sync] Loading: Passwords
2025-01-17 03:22:18.708: [INFO][Sync] Loading: Autofill Profiles
2025-01-17 03:22:18.708: [INFO][Sync] Loading: Autofill
2025-01-17 03:22:18.708: [INFO][Sync] All data types are ready for configure.
2025-01-17 03:22:18.708: [INFO][SyncManagerImpl::NudgeForInitialDownload] Initial download nudge for Passwords
2025-01-17 03:22:18.708: [INFO][SyncManagerImpl::ConfigureSyncer] Types to download:  with reason: 5
2025-01-17 03:22:18.708: [INFO][SyncEngineBackend::DoFinishConfigureDataTypes] Failed to download types:  and succeeded types: 
2025-01-17 03:22:18.708: [INFO][Sync] ConfigurationDone, failed: , succeeded: , remaining count: 4
2025-01-17 03:22:18.708: [INFO][Sync] Prepare to configure types: Passwords, Encryption Keys
2025-01-17 03:22:18.708: [INFO][SyncManagerImpl::ConfigureSyncer] Types to download: Passwords, Encryption Keys with reason: 5
2025-01-17 03:22:18.708: [INFO][SyncSchedulerImpl::DoConfigurationSyncCycleJob] Blocked types:  and types to download: Passwords, Encryption Keys
2025-01-17 03:22:19.128: [INFO][SyncEngineBackend::DoFinishConfigureDataTypes] Failed to download types:  and succeeded types: Passwords, Encryption Keys
2025-01-17 03:22:19.130: [INFO][Sync] ConfigurationDone, failed: , succeeded: Passwords, Encryption Keys, remaining count: 3
2025-01-17 03:22:19.130: [INFO][SyncManagerImpl::ConfigureSyncer] Types to download:  with reason: 5
2025-01-17 03:22:19.130: [INFO][SyncEngineBackend::DoFinishConfigureDataTypes] Failed to download types:  and succeeded types: 
2025-01-17 03:22:19.130: [INFO][Sync] ConfigurationDone, failed: , succeeded: , remaining count: 2
2025-01-17 03:22:19.130: [INFO][SyncManagerImpl::ConfigureSyncer] Types to download:  with reason: 5
2025-01-17 03:22:19.130: [INFO][SyncEngineBackend::DoFinishConfigureDataTypes] Failed to download types:  and succeeded types: 
2025-01-17 03:22:19.132: [INFO][Sync] ConfigurationDone, failed: , succeeded: , remaining count: 1
2025-01-17 03:22:19.134: [INFO][SyncManagerImpl::ConfigureSyncer] Types to download:  with reason: 5
2025-01-17 03:22:19.134: [INFO][SyncEngineBackend::DoFinishConfigureDataTypes] Failed to download types:  and succeeded types: 
2025-01-17 03:22:19.134: [INFO][Sync] ConfigurationDone, failed: , succeeded: , remaining count: 0
2025-01-17 03:22:19.137: [INFO][Sync]     Configuration completed, state: 7
2025-01-17 03:22:19.137: [INFO][Sync] Configured DataTypeManager: Ok
2025-01-17 03:22:19.139: [INFO][SyncEngineBackend::DoStartSyncing] Start syncing
2025-01-17 03:23:28.528: [INFO][Sync] Reset engine, reason: 0
2025-01-17 03:23:28.528: [INFO][Sync] Reset engine with reason: 0
2025-01-24 02:27:36.693: [INFO][Sync] SyncState after authenticated was: FeatureCanStart
2025-01-24 02:27:37.008: [INFO][Sync] Try to start sync engine
2025-01-24 02:27:37.009: [INFO][SyncManagerImpl::NudgeForInitialDownload] Initial download nudge for Encryption Keys
2025-01-24 02:27:37.009: [INFO][SyncEngineBackend::LoadAndConnectNigoriController] Load and connect Nigori controller
2025-01-24 02:27:37.009: [INFO][SyncEngineBackend::DoInitialize] Control Types added: Encryption Keys
2025-01-24 02:27:37.009: [INFO][SyncManagerImpl::ConfigureSyncer] Types to download: Encryption Keys with reason: 3
2025-01-24 02:27:37.009: [INFO][SyncSchedulerImpl::DoConfigurationSyncCycleJob] Configure job was blocked
2025-01-24 02:27:37.033: [INFO][SyncAuthManager::SetLastAuthError] Current auth error: None
2025-01-24 02:27:37.033: [INFO][SyncAuthManager::EdgeLogTokenErrorState] Token error with: None for account type: MSA
2025-01-24 02:27:37.033: [INFO][Sync] Credentials changed for: EdgeSyncScopeNew
2025-01-24 02:27:38.086: [INFO][SyncAuthManager::SetLastAuthError] Current auth error: None
2025-01-24 02:27:38.086: [INFO][SyncAuthManager::EdgeLogTokenErrorState] Token error with: None for account type: MSA
2025-01-24 02:27:38.086: [INFO][Sync] Credentials changed for: EdgeSyncKeyDataScope
2025-01-24 02:27:38.086: [INFO][SyncEngineBackend::DoUpdateKeyDataCredentials] Update key data credentials
2025-01-24 02:27:38.086: [INFO][SyncEngineBackend::DoUpdateCredentials] Update credentials
2025-01-24 02:27:38.086: [INFO][SyncSchedulerImpl::DoConfigurationSyncCycleJob] Blocked types:  and types to download: Encryption Keys
2025-01-24 02:27:38.662: [INFO][Sync] Started DataTypeManager configuration, reason: 4
2025-01-24 02:27:38.662: [INFO][Sync] Configuring for: Bookmarks, Preferences, Passwords, Autofill Profiles, Autofill, Extensions, Sessions, Extension settings, History Delete Directives, Device Info, User Consents, Send Tab To Self, Web Apps, History, Collection, Edge E Drop, Edge Hub App Usage, Edge Tab Group, Edge Wallet, Encryption Keys, reason: 4, current state: 0
2025-01-24 02:27:38.664: [INFO][Sync] Configure, desired: Bookmarks, Preferences, Extensions, Sessions, Extension settings, History Delete Directives, Device Info, User Consents, Send Tab To Self, Web Apps, History, Collection, Edge E Drop, Edge Hub App Usage, Edge Tab Group, Edge Wallet, Encryption Keys; Allow fail: Passwords, Autofill Profiles, Autofill
2025-01-24 02:27:38.664: [INFO][Sync] Loading: Bookmarks
2025-01-24 02:27:38.664: [INFO][Sync] Loading: Preferences
2025-01-24 02:27:38.664: [INFO][Sync] Loading: Extensions
2025-01-24 02:27:38.664: [INFO][Sync] Loading: Sessions
2025-01-24 02:27:38.664: [INFO][Sync] Loading: Extension settings
2025-01-24 02:27:38.664: [INFO][Sync] Loading: History Delete Directives
2025-01-24 02:27:38.664: [INFO][Sync] Loading: Device Info
2025-01-24 02:27:38.664: [INFO][Sync] Loading: User Consents
2025-01-24 02:27:38.664: [INFO][Sync] Loading: Send Tab To Self
2025-01-24 02:27:38.664: [INFO][Sync] Loading: Web Apps
2025-01-24 02:27:38.664: [INFO][Sync] Loading: History
2025-01-24 02:27:38.664: [INFO][Sync] Loading: Collection
2025-01-24 02:27:38.664: [INFO][Sync] Loading: Edge E Drop
2025-01-24 02:27:38.664: [INFO][Sync] Loading: Edge Hub App Usage
2025-01-24 02:27:38.664: [INFO][Sync] Loading: Edge Tab Group
2025-01-24 02:27:38.664: [INFO][Sync] Loading: Edge Wallet
2025-01-24 02:27:38.669: [INFO][Sync] All data types are ready for configure.
2025-01-24 02:27:39.020: [INFO][SyncEngineBackend::DoStartConfiguration] Start configuration
2025-01-24 02:27:39.020: [INFO][SyncManagerImpl::ConfigureSyncer] Types to download:  with reason: 4
2025-01-24 02:27:39.020: [INFO][SyncEngineBackend::DoFinishConfigureDataTypes] Failed to download types:  and succeeded types: 
2025-01-24 02:27:39.021: [INFO][Sync] Started DataTypeManager configuration, reason: 5
2025-01-24 02:27:39.021: [INFO][Sync] Configuring for: Bookmarks, Preferences, Passwords, Autofill Profiles, Autofill, Extensions, Sessions, Extension settings, History Delete Directives, Device Info, User Consents, Send Tab To Self, Web Apps, History, Collection, Edge E Drop, Edge Hub App Usage, Edge Tab Group, Edge Wallet, Encryption Keys, reason: 5, current state: 1
2025-01-24 02:27:39.024: [INFO][Sync] ConfigurationDone, failed: , succeeded: , remaining count: 4
2025-01-24 02:27:39.024: [WARN][Sync]     Reconfigure requested while configuration ongoing.
2025-01-24 02:27:39.024: [INFO][Sync] Configuring for: Bookmarks, Preferences, Passwords, Autofill Profiles, Autofill, Extensions, Sessions, Extension settings, History Delete Directives, Device Info, User Consents, Send Tab To Self, Web Apps, History, Collection, Edge E Drop, Edge Hub App Usage, Edge Tab Group, Edge Wallet, Encryption Keys, reason: 5, current state: 2
2025-01-24 02:27:39.024: [INFO][Sync] Configure, desired: Bookmarks, Preferences, Passwords, Autofill Profiles, Autofill, Extensions, Sessions, Extension settings, History Delete Directives, Device Info, User Consents, Send Tab To Self, Web Apps, History, Collection, Edge E Drop, Edge Hub App Usage, Edge Tab Group, Edge Wallet, Encryption Keys; Allow fail: 
2025-01-24 02:27:39.024: [INFO][Sync] Loading: Passwords
2025-01-24 02:27:39.024: [INFO][Sync] Loading: Autofill Profiles
2025-01-24 02:27:39.024: [INFO][Sync] Loading: Autofill
2025-01-24 02:27:39.025: [INFO][Sync] All data types are ready for configure.
2025-01-24 02:27:39.025: [INFO][SyncManagerImpl::NudgeForInitialDownload] Initial download nudge for Passwords
2025-01-24 02:27:39.025: [INFO][SyncManagerImpl::ConfigureSyncer] Types to download:  with reason: 5
2025-01-24 02:27:39.025: [INFO][SyncEngineBackend::DoFinishConfigureDataTypes] Failed to download types:  and succeeded types: 
2025-01-24 02:27:39.026: [INFO][Sync] ConfigurationDone, failed: , succeeded: , remaining count: 4
2025-01-24 02:27:39.026: [INFO][Sync] Prepare to configure types: Passwords, Encryption Keys
2025-01-24 02:27:39.026: [INFO][SyncManagerImpl::ConfigureSyncer] Types to download: Passwords, Encryption Keys with reason: 5
2025-01-24 02:27:39.026: [INFO][SyncSchedulerImpl::DoConfigurationSyncCycleJob] Blocked types:  and types to download: Passwords, Encryption Keys
2025-01-24 02:27:39.568: [INFO][SyncEngineBackend::DoFinishConfigureDataTypes] Failed to download types:  and succeeded types: Passwords, Encryption Keys
2025-01-24 02:27:39.570: [INFO][Sync] ConfigurationDone, failed: , succeeded: Passwords, Encryption Keys, remaining count: 3
2025-01-24 02:27:39.571: [INFO][SyncManagerImpl::ConfigureSyncer] Types to download:  with reason: 5
2025-01-24 02:27:39.571: [INFO][SyncEngineBackend::DoFinishConfigureDataTypes] Failed to download types:  and succeeded types: 
2025-01-24 02:27:39.571: [INFO][Sync] ConfigurationDone, failed: , succeeded: , remaining count: 2
2025-01-24 02:27:39.571: [INFO][SyncManagerImpl::ConfigureSyncer] Types to download:  with reason: 5
2025-01-24 02:27:39.571: [INFO][SyncEngineBackend::DoFinishConfigureDataTypes] Failed to download types:  and succeeded types: 
2025-01-24 02:27:39.572: [INFO][Sync] ConfigurationDone, failed: , succeeded: , remaining count: 1
2025-01-24 02:27:39.574: [INFO][SyncManagerImpl::ConfigureSyncer] Types to download:  with reason: 5
2025-01-24 02:27:39.574: [INFO][SyncEngineBackend::DoFinishConfigureDataTypes] Failed to download types:  and succeeded types: 
2025-01-24 02:27:39.574: [INFO][Sync] ConfigurationDone, failed: , succeeded: , remaining count: 0
2025-01-24 02:27:39.575: [INFO][Sync]     Configuration completed, state: 7
2025-01-24 02:27:39.576: [INFO][Sync] Configured DataTypeManager: Ok
2025-01-24 02:27:39.577: [INFO][SyncEngineBackend::DoStartSyncing] Start syncing
2025-01-24 03:35:04.259: [INFO][Sync] Reset engine, reason: 0
2025-01-24 03:35:04.259: [INFO][Sync] Reset engine with reason: 0
2025-01-24 03:35:35.012: [INFO][Sync] SyncState after authenticated was: FeatureCanStart
2025-01-24 03:35:35.273: [INFO][Sync] Try to start sync engine
2025-01-24 03:35:35.275: [INFO][SyncManagerImpl::NudgeForInitialDownload] Initial download nudge for Encryption Keys
2025-01-24 03:35:35.275: [INFO][SyncEngineBackend::LoadAndConnectNigoriController] Load and connect Nigori controller
2025-01-24 03:35:35.275: [INFO][SyncEngineBackend::DoInitialize] Control Types added: Encryption Keys
2025-01-24 03:35:35.275: [INFO][SyncManagerImpl::ConfigureSyncer] Types to download: Encryption Keys with reason: 3
2025-01-24 03:35:35.275: [INFO][SyncSchedulerImpl::DoConfigurationSyncCycleJob] Configure job was blocked
2025-01-24 03:35:35.303: [INFO][SyncAuthManager::SetLastAuthError] Current auth error: None
2025-01-24 03:35:35.303: [INFO][SyncAuthManager::EdgeLogTokenErrorState] Token error with: None for account type: MSA
2025-01-24 03:35:35.303: [INFO][Sync] Credentials changed for: EdgeSyncScopeNew
2025-01-24 03:35:36.251: [INFO][SyncAuthManager::SetLastAuthError] Current auth error: None
2025-01-24 03:35:36.251: [INFO][SyncAuthManager::EdgeLogTokenErrorState] Token error with: None for account type: MSA
2025-01-24 03:35:36.251: [INFO][Sync] Credentials changed for: EdgeSyncKeyDataScope
2025-01-24 03:35:36.252: [INFO][SyncEngineBackend::DoUpdateKeyDataCredentials] Update key data credentials
2025-01-24 03:35:36.252: [INFO][SyncEngineBackend::DoUpdateCredentials] Update credentials
2025-01-24 03:35:36.252: [INFO][SyncSchedulerImpl::DoConfigurationSyncCycleJob] Blocked types:  and types to download: Encryption Keys
2025-01-24 03:35:36.966: [INFO][Sync] Started DataTypeManager configuration, reason: 4
2025-01-24 03:35:36.966: [INFO][Sync] Configuring for: Bookmarks, Preferences, Passwords, Autofill Profiles, Autofill, Extensions, Sessions, Extension settings, History Delete Directives, Device Info, User Consents, Send Tab To Self, Web Apps, History, Collection, Edge E Drop, Edge Hub App Usage, Edge Tab Group, Edge Wallet, Encryption Keys, reason: 4, current state: 0
2025-01-24 03:35:36.969: [INFO][Sync] Configure, desired: Bookmarks, Preferences, Extensions, Sessions, Extension settings, History Delete Directives, Device Info, User Consents, Send Tab To Self, Web Apps, History, Collection, Edge E Drop, Edge Hub App Usage, Edge Tab Group, Edge Wallet, Encryption Keys; Allow fail: Passwords, Autofill Profiles, Autofill
2025-01-24 03:35:36.969: [INFO][Sync] Loading: Bookmarks
2025-01-24 03:35:36.969: [INFO][Sync] Loading: Preferences
2025-01-24 03:35:36.969: [INFO][Sync] Loading: Extensions
2025-01-24 03:35:36.969: [INFO][Sync] Loading: Sessions
2025-01-24 03:35:36.969: [INFO][Sync] Loading: Extension settings
2025-01-24 03:35:36.969: [INFO][Sync] Loading: History Delete Directives
2025-01-24 03:35:36.969: [INFO][Sync] Loading: Device Info
2025-01-24 03:35:36.969: [INFO][Sync] Loading: User Consents
2025-01-24 03:35:36.969: [INFO][Sync] Loading: Send Tab To Self
2025-01-24 03:35:36.969: [INFO][Sync] Loading: Web Apps
2025-01-24 03:35:36.969: [INFO][Sync] Loading: History
2025-01-24 03:35:36.969: [INFO][Sync] Loading: Collection
2025-01-24 03:35:36.969: [INFO][Sync] Loading: Edge E Drop
2025-01-24 03:35:36.969: [INFO][Sync] Loading: Edge Hub App Usage
2025-01-24 03:35:36.969: [INFO][Sync] Loading: Edge Tab Group
2025-01-24 03:35:36.969: [INFO][Sync] Loading: Edge Wallet
2025-01-24 03:35:36.975: [INFO][Sync] All data types are ready for configure.
2025-01-24 03:35:37.534: [INFO][SyncEngineBackend::DoStartConfiguration] Start configuration
2025-01-24 03:35:37.534: [INFO][SyncManagerImpl::ConfigureSyncer] Types to download:  with reason: 4
2025-01-24 03:35:37.534: [INFO][SyncEngineBackend::DoFinishConfigureDataTypes] Failed to download types:  and succeeded types: 
2025-01-24 03:35:37.535: [INFO][Sync] Started DataTypeManager configuration, reason: 5
2025-01-24 03:35:37.535: [INFO][Sync] Configuring for: Bookmarks, Preferences, Passwords, Autofill Profiles, Autofill, Extensions, Sessions, Extension settings, History Delete Directives, Device Info, User Consents, Send Tab To Self, Web Apps, History, Collection, Edge E Drop, Edge Hub App Usage, Edge Tab Group, Edge Wallet, Encryption Keys, reason: 5, current state: 1
2025-01-24 03:35:37.537: [INFO][Sync] ConfigurationDone, failed: , succeeded: , remaining count: 4
2025-01-24 03:35:37.537: [WARN][Sync]     Reconfigure requested while configuration ongoing.
2025-01-24 03:35:37.538: [INFO][Sync] Configuring for: Bookmarks, Preferences, Passwords, Autofill Profiles, Autofill, Extensions, Sessions, Extension settings, History Delete Directives, Device Info, User Consents, Send Tab To Self, Web Apps, History, Collection, Edge E Drop, Edge Hub App Usage, Edge Tab Group, Edge Wallet, Encryption Keys, reason: 5, current state: 2
2025-01-24 03:35:37.538: [INFO][Sync] Configure, desired: Bookmarks, Preferences, Passwords, Autofill Profiles, Autofill, Extensions, Sessions, Extension settings, History Delete Directives, Device Info, User Consents, Send Tab To Self, Web Apps, History, Collection, Edge E Drop, Edge Hub App Usage, Edge Tab Group, Edge Wallet, Encryption Keys; Allow fail: 
2025-01-24 03:35:37.538: [INFO][Sync] Loading: Passwords
2025-01-24 03:35:37.538: [INFO][Sync] Loading: Autofill Profiles
2025-01-24 03:35:37.538: [INFO][Sync] Loading: Autofill
2025-01-24 03:35:37.538: [INFO][Sync] All data types are ready for configure.
2025-01-24 03:35:37.538: [INFO][SyncManagerImpl::NudgeForInitialDownload] Initial download nudge for Passwords
2025-01-24 03:35:37.538: [INFO][SyncManagerImpl::ConfigureSyncer] Types to download:  with reason: 5
2025-01-24 03:35:37.538: [INFO][SyncEngineBackend::DoFinishConfigureDataTypes] Failed to download types:  and succeeded types: 
2025-01-24 03:35:37.538: [INFO][Sync] ConfigurationDone, failed: , succeeded: , remaining count: 4
2025-01-24 03:35:37.538: [INFO][Sync] Prepare to configure types: Passwords, Encryption Keys
2025-01-24 03:35:37.538: [INFO][SyncManagerImpl::ConfigureSyncer] Types to download: Passwords, Encryption Keys with reason: 5
2025-01-24 03:35:37.538: [INFO][SyncSchedulerImpl::DoConfigurationSyncCycleJob] Blocked types:  and types to download: Passwords, Encryption Keys
2025-01-24 03:35:38.112: [INFO][SyncEngineBackend::DoFinishConfigureDataTypes] Failed to download types:  and succeeded types: Passwords, Encryption Keys
2025-01-24 03:35:38.114: [INFO][Sync] ConfigurationDone, failed: , succeeded: Passwords, Encryption Keys, remaining count: 3
2025-01-24 03:35:38.114: [INFO][SyncManagerImpl::ConfigureSyncer] Types to download:  with reason: 5
2025-01-24 03:35:38.114: [INFO][SyncEngineBackend::DoFinishConfigureDataTypes] Failed to download types:  and succeeded types: 
2025-01-24 03:35:38.114: [INFO][Sync] ConfigurationDone, failed: , succeeded: , remaining count: 2
2025-01-24 03:35:38.114: [INFO][SyncManagerImpl::ConfigureSyncer] Types to download:  with reason: 5
2025-01-24 03:35:38.114: [INFO][SyncEngineBackend::DoFinishConfigureDataTypes] Failed to download types:  and succeeded types: 
2025-01-24 03:35:38.116: [INFO][Sync] ConfigurationDone, failed: , succeeded: , remaining count: 1
2025-01-24 03:35:38.118: [INFO][SyncManagerImpl::ConfigureSyncer] Types to download:  with reason: 5
2025-01-24 03:35:38.118: [INFO][SyncEngineBackend::DoFinishConfigureDataTypes] Failed to download types:  and succeeded types: 
2025-01-24 03:35:38.118: [INFO][Sync] ConfigurationDone, failed: , succeeded: , remaining count: 0
2025-01-24 03:35:38.119: [INFO][Sync]     Configuration completed, state: 7
2025-01-24 03:35:38.120: [INFO][Sync] Configured DataTypeManager: Ok
2025-01-24 03:35:38.122: [INFO][SyncEngineBackend::DoStartSyncing] Start syncing
2025-01-24 03:38:52.667: [INFO][Sync] Reset engine, reason: 0
2025-01-24 03:38:52.667: [INFO][Sync] Reset engine with reason: 0
2025-01-24 03:39:31.353: [INFO][Sync] SyncState after authenticated was: FeatureCanStart
2025-01-24 03:39:31.623: [INFO][Sync] Try to start sync engine
2025-01-24 03:39:31.624: [INFO][SyncManagerImpl::NudgeForInitialDownload] Initial download nudge for Encryption Keys
2025-01-24 03:39:31.624: [INFO][SyncEngineBackend::LoadAndConnectNigoriController] Load and connect Nigori controller
2025-01-24 03:39:31.624: [INFO][SyncEngineBackend::DoInitialize] Control Types added: Encryption Keys
2025-01-24 03:39:31.624: [INFO][SyncManagerImpl::ConfigureSyncer] Types to download: Encryption Keys with reason: 3
2025-01-24 03:39:31.624: [INFO][SyncSchedulerImpl::DoConfigurationSyncCycleJob] Configure job was blocked
2025-01-24 03:39:31.656: [INFO][SyncAuthManager::SetLastAuthError] Current auth error: None
2025-01-24 03:39:31.656: [INFO][SyncAuthManager::EdgeLogTokenErrorState] Token error with: None for account type: MSA
2025-01-24 03:39:31.656: [INFO][Sync] Credentials changed for: EdgeSyncScopeNew
2025-01-24 03:39:32.555: [INFO][SyncAuthManager::SetLastAuthError] Current auth error: None
2025-01-24 03:39:32.555: [INFO][SyncAuthManager::EdgeLogTokenErrorState] Token error with: None for account type: MSA
2025-01-24 03:39:32.555: [INFO][Sync] Credentials changed for: EdgeSyncKeyDataScope
2025-01-24 03:39:32.555: [INFO][SyncEngineBackend::DoUpdateKeyDataCredentials] Update key data credentials
2025-01-24 03:39:32.555: [INFO][SyncEngineBackend::DoUpdateCredentials] Update credentials
2025-01-24 03:39:32.555: [INFO][SyncSchedulerImpl::DoConfigurationSyncCycleJob] Blocked types:  and types to download: Encryption Keys
2025-01-24 03:39:33.326: [INFO][Sync] Started DataTypeManager configuration, reason: 4
2025-01-24 03:39:33.326: [INFO][Sync] Configuring for: Bookmarks, Preferences, Passwords, Autofill Profiles, Autofill, Extensions, Sessions, Extension settings, History Delete Directives, Device Info, User Consents, Send Tab To Self, Web Apps, History, Collection, Edge E Drop, Edge Hub App Usage, Edge Tab Group, Edge Wallet, Encryption Keys, reason: 4, current state: 0
2025-01-24 03:39:33.327: [INFO][Sync] Configure, desired: Bookmarks, Preferences, Extensions, Sessions, Extension settings, History Delete Directives, Device Info, User Consents, Send Tab To Self, Web Apps, History, Collection, Edge E Drop, Edge Hub App Usage, Edge Tab Group, Edge Wallet, Encryption Keys; Allow fail: Passwords, Autofill Profiles, Autofill
2025-01-24 03:39:33.327: [INFO][Sync] Loading: Bookmarks
2025-01-24 03:39:33.327: [INFO][Sync] Loading: Preferences
2025-01-24 03:39:33.327: [INFO][Sync] Loading: Extensions
2025-01-24 03:39:33.327: [INFO][Sync] Loading: Sessions
2025-01-24 03:39:33.327: [INFO][Sync] Loading: Extension settings
2025-01-24 03:39:33.327: [INFO][Sync] Loading: History Delete Directives
2025-01-24 03:39:33.327: [INFO][Sync] Loading: Device Info
2025-01-24 03:39:33.327: [INFO][Sync] Loading: User Consents
2025-01-24 03:39:33.327: [INFO][Sync] Loading: Send Tab To Self
2025-01-24 03:39:33.327: [INFO][Sync] Loading: Web Apps
2025-01-24 03:39:33.327: [INFO][Sync] Loading: History
2025-01-24 03:39:33.327: [INFO][Sync] Loading: Collection
2025-01-24 03:39:33.328: [INFO][Sync] Loading: Edge E Drop
2025-01-24 03:39:33.328: [INFO][Sync] Loading: Edge Hub App Usage
2025-01-24 03:39:33.328: [INFO][Sync] Loading: Edge Tab Group
2025-01-24 03:39:33.328: [INFO][Sync] Loading: Edge Wallet
2025-01-24 03:39:33.333: [INFO][Sync] All data types are ready for configure.
2025-01-24 03:39:33.949: [INFO][SyncEngineBackend::DoStartConfiguration] Start configuration
2025-01-24 03:39:33.949: [INFO][SyncManagerImpl::ConfigureSyncer] Types to download:  with reason: 4
2025-01-24 03:39:33.949: [INFO][SyncEngineBackend::DoFinishConfigureDataTypes] Failed to download types:  and succeeded types: 
2025-01-24 03:39:33.950: [INFO][Sync] Started DataTypeManager configuration, reason: 5
2025-01-24 03:39:33.950: [INFO][Sync] Configuring for: Bookmarks, Preferences, Passwords, Autofill Profiles, Autofill, Extensions, Sessions, Extension settings, History Delete Directives, Device Info, User Consents, Send Tab To Self, Web Apps, History, Collection, Edge E Drop, Edge Hub App Usage, Edge Tab Group, Edge Wallet, Encryption Keys, reason: 5, current state: 1
2025-01-24 03:39:33.952: [INFO][Sync] ConfigurationDone, failed: , succeeded: , remaining count: 4
2025-01-24 03:39:33.952: [WARN][Sync]     Reconfigure requested while configuration ongoing.
2025-01-24 03:39:33.952: [INFO][Sync] Configuring for: Bookmarks, Preferences, Passwords, Autofill Profiles, Autofill, Extensions, Sessions, Extension settings, History Delete Directives, Device Info, User Consents, Send Tab To Self, Web Apps, History, Collection, Edge E Drop, Edge Hub App Usage, Edge Tab Group, Edge Wallet, Encryption Keys, reason: 5, current state: 2
2025-01-24 03:39:33.952: [INFO][Sync] Configure, desired: Bookmarks, Preferences, Passwords, Autofill Profiles, Autofill, Extensions, Sessions, Extension settings, History Delete Directives, Device Info, User Consents, Send Tab To Self, Web Apps, History, Collection, Edge E Drop, Edge Hub App Usage, Edge Tab Group, Edge Wallet, Encryption Keys; Allow fail: 
2025-01-24 03:39:33.952: [INFO][Sync] Loading: Passwords
2025-01-24 03:39:33.952: [INFO][Sync] Loading: Autofill Profiles
2025-01-24 03:39:33.952: [INFO][Sync] Loading: Autofill
2025-01-24 03:39:33.952: [INFO][Sync] All data types are ready for configure.
2025-01-24 03:39:33.952: [INFO][SyncManagerImpl::NudgeForInitialDownload] Initial download nudge for Passwords
2025-01-24 03:39:33.952: [INFO][SyncManagerImpl::ConfigureSyncer] Types to download:  with reason: 5
2025-01-24 03:39:33.952: [INFO][SyncEngineBackend::DoFinishConfigureDataTypes] Failed to download types:  and succeeded types: 
2025-01-24 03:39:33.953: [INFO][Sync] ConfigurationDone, failed: , succeeded: , remaining count: 4
2025-01-24 03:39:33.953: [INFO][Sync] Prepare to configure types: Passwords, Encryption Keys
2025-01-24 03:39:33.953: [INFO][SyncManagerImpl::ConfigureSyncer] Types to download: Passwords, Encryption Keys with reason: 5
2025-01-24 03:39:33.953: [INFO][SyncSchedulerImpl::DoConfigurationSyncCycleJob] Blocked types:  and types to download: Passwords, Encryption Keys
2025-01-24 03:39:35.447: [INFO][SyncEngineBackend::DoFinishConfigureDataTypes] Failed to download types:  and succeeded types: Passwords, Encryption Keys
2025-01-24 03:39:35.449: [INFO][Sync] ConfigurationDone, failed: , succeeded: Passwords, Encryption Keys, remaining count: 3
2025-01-24 03:39:35.449: [INFO][SyncManagerImpl::ConfigureSyncer] Types to download:  with reason: 5
2025-01-24 03:39:35.449: [INFO][SyncEngineBackend::DoFinishConfigureDataTypes] Failed to download types:  and succeeded types: 
2025-01-24 03:39:35.449: [INFO][Sync] ConfigurationDone, failed: , succeeded: , remaining count: 2
2025-01-24 03:39:35.449: [INFO][SyncManagerImpl::ConfigureSyncer] Types to download:  with reason: 5
2025-01-24 03:39:35.449: [INFO][SyncEngineBackend::DoFinishConfigureDataTypes] Failed to download types:  and succeeded types: 
2025-01-24 03:39:35.451: [INFO][Sync] ConfigurationDone, failed: , succeeded: , remaining count: 1
2025-01-24 03:39:35.453: [INFO][SyncManagerImpl::ConfigureSyncer] Types to download:  with reason: 5
2025-01-24 03:39:35.453: [INFO][SyncEngineBackend::DoFinishConfigureDataTypes] Failed to download types:  and succeeded types: 
2025-01-24 03:39:35.454: [INFO][Sync] ConfigurationDone, failed: , succeeded: , remaining count: 0
2025-01-24 03:39:35.456: [INFO][Sync]     Configuration completed, state: 7
2025-01-24 03:39:35.456: [INFO][Sync] Configured DataTypeManager: Ok
2025-01-24 03:39:35.458: [INFO][SyncEngineBackend::DoStartSyncing] Start syncing
2025-01-24 04:15:22.890: [INFO][Sync] Reset engine, reason: 0
2025-01-24 04:15:22.890: [INFO][Sync] Reset engine with reason: 0
2025-01-24 04:15:53.310: [INFO][Sync] SyncState after authenticated was: FeatureCanStart
2025-01-24 04:15:53.565: [INFO][Sync] Try to start sync engine
2025-01-24 04:15:53.566: [INFO][SyncManagerImpl::NudgeForInitialDownload] Initial download nudge for Encryption Keys
2025-01-24 04:15:53.566: [INFO][SyncEngineBackend::LoadAndConnectNigoriController] Load and connect Nigori controller
2025-01-24 04:15:53.566: [INFO][SyncEngineBackend::DoInitialize] Control Types added: Encryption Keys
2025-01-24 04:15:53.566: [INFO][SyncManagerImpl::ConfigureSyncer] Types to download: Encryption Keys with reason: 3
2025-01-24 04:15:53.566: [INFO][SyncSchedulerImpl::DoConfigurationSyncCycleJob] Configure job was blocked
2025-01-24 04:15:53.595: [INFO][SyncAuthManager::SetLastAuthError] Current auth error: None
2025-01-24 04:15:53.595: [INFO][SyncAuthManager::EdgeLogTokenErrorState] Token error with: None for account type: MSA
2025-01-24 04:15:53.595: [INFO][Sync] Credentials changed for: EdgeSyncScopeNew
2025-01-24 04:15:57.791: [INFO][SyncAuthManager::SetLastAuthError] Current auth error: None
2025-01-24 04:15:57.791: [INFO][SyncAuthManager::EdgeLogTokenErrorState] Token error with: None for account type: MSA
2025-01-24 04:15:57.791: [INFO][Sync] Credentials changed for: EdgeSyncKeyDataScope
2025-01-24 04:15:57.791: [INFO][SyncEngineBackend::DoUpdateKeyDataCredentials] Update key data credentials
2025-01-24 04:15:57.791: [INFO][SyncEngineBackend::DoUpdateCredentials] Update credentials
2025-01-24 04:15:57.791: [INFO][SyncSchedulerImpl::DoConfigurationSyncCycleJob] Blocked types:  and types to download: Encryption Keys
2025-01-24 04:15:58.393: [INFO][Sync] Started DataTypeManager configuration, reason: 4
2025-01-24 04:15:58.393: [INFO][Sync] Configuring for: Bookmarks, Preferences, Passwords, Autofill Profiles, Autofill, Extensions, Sessions, Extension settings, History Delete Directives, Device Info, User Consents, Send Tab To Self, Web Apps, History, Collection, Edge E Drop, Edge Hub App Usage, Edge Tab Group, Edge Wallet, Encryption Keys, reason: 4, current state: 0
2025-01-24 04:15:58.395: [INFO][Sync] Configure, desired: Bookmarks, Preferences, Extensions, Sessions, Extension settings, History Delete Directives, Device Info, User Consents, Send Tab To Self, Web Apps, History, Collection, Edge E Drop, Edge Hub App Usage, Edge Tab Group, Edge Wallet, Encryption Keys; Allow fail: Passwords, Autofill Profiles, Autofill
2025-01-24 04:15:58.395: [INFO][Sync] Loading: Bookmarks
2025-01-24 04:15:58.395: [INFO][Sync] Loading: Preferences
2025-01-24 04:15:58.395: [INFO][Sync] Loading: Extensions
2025-01-24 04:15:58.395: [INFO][Sync] Loading: Sessions
2025-01-24 04:15:58.395: [INFO][Sync] Loading: Extension settings
2025-01-24 04:15:58.395: [INFO][Sync] Loading: History Delete Directives
2025-01-24 04:15:58.395: [INFO][Sync] Loading: Device Info
2025-01-24 04:15:58.395: [INFO][Sync] Loading: User Consents
2025-01-24 04:15:58.395: [INFO][Sync] Loading: Send Tab To Self
2025-01-24 04:15:58.395: [INFO][Sync] Loading: Web Apps
2025-01-24 04:15:58.395: [INFO][Sync] Loading: History
2025-01-24 04:15:58.395: [INFO][Sync] Loading: Collection
2025-01-24 04:15:58.395: [INFO][Sync] Loading: Edge E Drop
2025-01-24 04:15:58.395: [INFO][Sync] Loading: Edge Hub App Usage
2025-01-24 04:15:58.395: [INFO][Sync] Loading: Edge Tab Group
2025-01-24 04:15:58.395: [INFO][Sync] Loading: Edge Wallet
2025-01-24 04:15:58.399: [INFO][Sync] All data types are ready for configure.
2025-01-24 04:15:58.813: [INFO][Sync] Started DataTypeManager configuration, reason: 5
2025-01-24 04:15:58.813: [INFO][SyncEngineBackend::DoStartConfiguration] Start configuration
2025-01-24 04:15:58.813: [INFO][Sync] Configuring for: Bookmarks, Preferences, Passwords, Autofill Profiles, Autofill, Extensions, Sessions, Extension settings, History Delete Directives, Device Info, User Consents, Send Tab To Self, Web Apps, History, Collection, Edge E Drop, Edge Hub App Usage, Edge Tab Group, Edge Wallet, Encryption Keys, reason: 5, current state: 1
2025-01-24 04:15:58.813: [INFO][SyncManagerImpl::ConfigureSyncer] Types to download:  with reason: 4
2025-01-24 04:15:58.813: [INFO][SyncEngineBackend::DoFinishConfigureDataTypes] Failed to download types:  and succeeded types: 
2025-01-24 04:15:58.816: [INFO][Sync] ConfigurationDone, failed: , succeeded: , remaining count: 4
2025-01-24 04:15:58.816: [WARN][Sync]     Reconfigure requested while configuration ongoing.
2025-01-24 04:15:58.816: [INFO][Sync] Configuring for: Bookmarks, Preferences, Passwords, Autofill Profiles, Autofill, Extensions, Sessions, Extension settings, History Delete Directives, Device Info, User Consents, Send Tab To Self, Web Apps, History, Collection, Edge E Drop, Edge Hub App Usage, Edge Tab Group, Edge Wallet, Encryption Keys, reason: 5, current state: 2
2025-01-24 04:15:58.816: [INFO][Sync] Configure, desired: Bookmarks, Preferences, Passwords, Autofill Profiles, Autofill, Extensions, Sessions, Extension settings, History Delete Directives, Device Info, User Consents, Send Tab To Self, Web Apps, History, Collection, Edge E Drop, Edge Hub App Usage, Edge Tab Group, Edge Wallet, Encryption Keys; Allow fail: 
2025-01-24 04:15:58.816: [INFO][Sync] Loading: Passwords
2025-01-24 04:15:58.816: [INFO][Sync] Loading: Autofill Profiles
2025-01-24 04:15:58.816: [INFO][Sync] Loading: Autofill
2025-01-24 04:15:58.816: [INFO][Sync] All data types are ready for configure.
2025-01-24 04:15:58.816: [INFO][SyncManagerImpl::NudgeForInitialDownload] Initial download nudge for Passwords
2025-01-24 04:15:58.816: [INFO][SyncManagerImpl::ConfigureSyncer] Types to download:  with reason: 5
2025-01-24 04:15:58.816: [INFO][SyncEngineBackend::DoFinishConfigureDataTypes] Failed to download types:  and succeeded types: 
2025-01-24 04:15:58.816: [INFO][Sync] ConfigurationDone, failed: , succeeded: , remaining count: 4
2025-01-24 04:15:58.816: [INFO][Sync] Prepare to configure types: Passwords, Encryption Keys
2025-01-24 04:15:58.816: [INFO][SyncManagerImpl::ConfigureSyncer] Types to download: Passwords, Encryption Keys with reason: 5
2025-01-24 04:15:58.816: [INFO][SyncSchedulerImpl::DoConfigurationSyncCycleJob] Blocked types:  and types to download: Passwords, Encryption Keys
2025-01-24 04:15:59.760: [INFO][SyncEngineBackend::DoFinishConfigureDataTypes] Failed to download types:  and succeeded types: Passwords, Encryption Keys
2025-01-24 04:15:59.762: [INFO][Sync] ConfigurationDone, failed: , succeeded: Passwords, Encryption Keys, remaining count: 3
2025-01-24 04:15:59.762: [INFO][SyncManagerImpl::ConfigureSyncer] Types to download:  with reason: 5
2025-01-24 04:15:59.762: [INFO][SyncEngineBackend::DoFinishConfigureDataTypes] Failed to download types:  and succeeded types: 
2025-01-24 04:15:59.762: [INFO][Sync] ConfigurationDone, failed: , succeeded: , remaining count: 2
2025-01-24 04:15:59.762: [INFO][SyncManagerImpl::ConfigureSyncer] Types to download:  with reason: 5
2025-01-24 04:15:59.762: [INFO][SyncEngineBackend::DoFinishConfigureDataTypes] Failed to download types:  and succeeded types: 
2025-01-24 04:15:59.764: [INFO][Sync] ConfigurationDone, failed: , succeeded: , remaining count: 1
2025-01-24 04:15:59.765: [INFO][SyncManagerImpl::ConfigureSyncer] Types to download:  with reason: 5
2025-01-24 04:15:59.765: [INFO][SyncEngineBackend::DoFinishConfigureDataTypes] Failed to download types:  and succeeded types: 
2025-01-24 04:15:59.765: [INFO][Sync] ConfigurationDone, failed: , succeeded: , remaining count: 0
2025-01-24 04:15:59.767: [INFO][Sync]     Configuration completed, state: 7
2025-01-24 04:15:59.767: [INFO][Sync] Configured DataTypeManager: Ok
2025-01-24 04:15:59.769: [INFO][SyncEngineBackend::DoStartSyncing] Start syncing
2025-01-24 04:38:33.989: [INFO][Sync] Reset engine, reason: 0
2025-01-24 04:38:33.989: [INFO][Sync] Reset engine with reason: 0
2025-02-06 19:47:17.318: [INFO][Sync] SyncState after authenticated was: FeatureCanStart
2025-02-06 19:47:17.568: [INFO][Sync] Try to start sync engine
2025-02-06 19:47:17.569: [INFO][SyncManagerImpl::NudgeForInitialDownload] Initial download nudge for Encryption Keys
2025-02-06 19:47:17.569: [INFO][SyncEngineBackend::LoadAndConnectNigoriController] Load and connect Nigori controller
2025-02-06 19:47:17.569: [INFO][SyncEngineBackend::DoInitialize] Control Types added: Encryption Keys
2025-02-06 19:47:17.569: [INFO][SyncManagerImpl::ConfigureSyncer] Types to download: Encryption Keys with reason: 3
2025-02-06 19:47:17.569: [INFO][SyncSchedulerImpl::DoConfigurationSyncCycleJob] Configure job was blocked
2025-02-06 19:47:17.604: [INFO][SyncAuthManager::SetLastAuthError] Current auth error: None
2025-02-06 19:47:17.604: [INFO][SyncAuthManager::EdgeLogTokenErrorState] Token error with: None for account type: MSA
2025-02-06 19:47:17.604: [INFO][Sync] Credentials changed for: EdgeSyncScopeNew
2025-02-06 19:47:18.417: [INFO][SyncAuthManager::SetLastAuthError] Current auth error: None
2025-02-06 19:47:18.417: [INFO][SyncAuthManager::EdgeLogTokenErrorState] Token error with: None for account type: MSA
2025-02-06 19:47:18.417: [INFO][Sync] Credentials changed for: EdgeSyncKeyDataScope
2025-02-06 19:47:18.417: [INFO][SyncEngineBackend::DoUpdateKeyDataCredentials] Update key data credentials
2025-02-06 19:47:18.417: [INFO][SyncEngineBackend::DoUpdateCredentials] Update credentials
2025-02-06 19:47:18.417: [INFO][SyncSchedulerImpl::DoConfigurationSyncCycleJob] Blocked types:  and types to download: Encryption Keys
2025-02-06 19:47:19.108: [INFO][Sync] Started DataTypeManager configuration, reason: 4
2025-02-06 19:47:19.108: [INFO][Sync] Configuring for: Bookmarks, Preferences, Passwords, Autofill Profiles, Autofill, Extensions, Sessions, Extension settings, History Delete Directives, Device Info, User Consents, Send Tab To Self, Web Apps, History, Collection, Edge E Drop, Edge Hub App Usage, Edge Tab Group, Edge Wallet, Encryption Keys, reason: 4, current state: 0
2025-02-06 19:47:19.110: [INFO][Sync] Configure, desired: Bookmarks, Preferences, Extensions, Sessions, Extension settings, History Delete Directives, Device Info, User Consents, Send Tab To Self, Web Apps, History, Collection, Edge E Drop, Edge Hub App Usage, Edge Tab Group, Edge Wallet, Encryption Keys; Allow fail: Passwords, Autofill Profiles, Autofill
2025-02-06 19:47:19.110: [INFO][Sync] Loading: Bookmarks
2025-02-06 19:47:19.110: [INFO][Sync] Loading: Preferences
2025-02-06 19:47:19.110: [INFO][Sync] Loading: Extensions
2025-02-06 19:47:19.110: [INFO][Sync] Loading: Sessions
2025-02-06 19:47:19.110: [INFO][Sync] Loading: Extension settings
2025-02-06 19:47:19.110: [INFO][Sync] Loading: History Delete Directives
2025-02-06 19:47:19.110: [INFO][Sync] Loading: Device Info
2025-02-06 19:47:19.110: [INFO][Sync] Loading: User Consents
2025-02-06 19:47:19.110: [INFO][Sync] Loading: Send Tab To Self
2025-02-06 19:47:19.110: [INFO][Sync] Loading: Web Apps
2025-02-06 19:47:19.110: [INFO][Sync] Loading: History
2025-02-06 19:47:19.110: [INFO][Sync] Loading: Collection
2025-02-06 19:47:19.110: [INFO][Sync] Loading: Edge E Drop
2025-02-06 19:47:19.110: [INFO][Sync] Loading: Edge Hub App Usage
2025-02-06 19:47:19.110: [INFO][Sync] Loading: Edge Tab Group
2025-02-06 19:47:19.110: [INFO][Sync] Loading: Edge Wallet
2025-02-06 19:47:19.116: [INFO][Sync] All data types are ready for configure.
2025-02-06 19:47:19.878: [INFO][SyncEngineBackend::DoStartConfiguration] Start configuration
2025-02-06 19:47:19.878: [INFO][SyncManagerImpl::ConfigureSyncer] Types to download:  with reason: 4
2025-02-06 19:47:19.878: [INFO][SyncEngineBackend::DoFinishConfigureDataTypes] Failed to download types:  and succeeded types: 
2025-02-06 19:47:19.879: [INFO][Sync] Started DataTypeManager configuration, reason: 5
2025-02-06 19:47:19.879: [INFO][Sync] Configuring for: Bookmarks, Preferences, Passwords, Autofill Profiles, Autofill, Extensions, Sessions, Extension settings, History Delete Directives, Device Info, User Consents, Send Tab To Self, Web Apps, History, Collection, Edge E Drop, Edge Hub App Usage, Edge Tab Group, Edge Wallet, Encryption Keys, reason: 5, current state: 1
2025-02-06 19:47:19.882: [INFO][Sync] ConfigurationDone, failed: , succeeded: , remaining count: 4
2025-02-06 19:47:19.882: [WARN][Sync]     Reconfigure requested while configuration ongoing.
2025-02-06 19:47:19.882: [INFO][Sync] Configuring for: Bookmarks, Preferences, Passwords, Autofill Profiles, Autofill, Extensions, Sessions, Extension settings, History Delete Directives, Device Info, User Consents, Send Tab To Self, Web Apps, History, Collection, Edge E Drop, Edge Hub App Usage, Edge Tab Group, Edge Wallet, Encryption Keys, reason: 5, current state: 2
2025-02-06 19:47:19.882: [INFO][Sync] Configure, desired: Bookmarks, Preferences, Passwords, Autofill Profiles, Autofill, Extensions, Sessions, Extension settings, History Delete Directives, Device Info, User Consents, Send Tab To Self, Web Apps, History, Collection, Edge E Drop, Edge Hub App Usage, Edge Tab Group, Edge Wallet, Encryption Keys; Allow fail: 
2025-02-06 19:47:19.882: [INFO][Sync] Loading: Passwords
2025-02-06 19:47:19.882: [INFO][Sync] Loading: Autofill Profiles
2025-02-06 19:47:19.882: [INFO][Sync] Loading: Autofill
2025-02-06 19:47:19.883: [INFO][Sync] All data types are ready for configure.
2025-02-06 19:47:19.883: [INFO][SyncManagerImpl::NudgeForInitialDownload] Initial download nudge for Passwords
2025-02-06 19:47:19.883: [INFO][SyncManagerImpl::ConfigureSyncer] Types to download:  with reason: 5
2025-02-06 19:47:19.883: [INFO][SyncEngineBackend::DoFinishConfigureDataTypes] Failed to download types:  and succeeded types: 
2025-02-06 19:47:19.883: [INFO][Sync] ConfigurationDone, failed: , succeeded: , remaining count: 4
2025-02-06 19:47:19.883: [INFO][Sync] Prepare to configure types: Passwords, Encryption Keys
2025-02-06 19:47:19.884: [INFO][SyncManagerImpl::ConfigureSyncer] Types to download: Passwords, Encryption Keys with reason: 5
2025-02-06 19:47:19.884: [INFO][SyncSchedulerImpl::DoConfigurationSyncCycleJob] Blocked types:  and types to download: Passwords, Encryption Keys
2025-02-06 19:47:20.579: [INFO][SyncEngineBackend::DoFinishConfigureDataTypes] Failed to download types:  and succeeded types: Passwords, Encryption Keys
2025-02-06 19:47:20.581: [INFO][Sync] ConfigurationDone, failed: , succeeded: Passwords, Encryption Keys, remaining count: 3
2025-02-06 19:47:20.581: [INFO][SyncManagerImpl::ConfigureSyncer] Types to download:  with reason: 5
2025-02-06 19:47:20.581: [INFO][SyncEngineBackend::DoFinishConfigureDataTypes] Failed to download types:  and succeeded types: 
2025-02-06 19:47:20.581: [INFO][Sync] ConfigurationDone, failed: , succeeded: , remaining count: 2
2025-02-06 19:47:20.581: [INFO][SyncManagerImpl::ConfigureSyncer] Types to download:  with reason: 5
2025-02-06 19:47:20.581: [INFO][SyncEngineBackend::DoFinishConfigureDataTypes] Failed to download types:  and succeeded types: 
2025-02-06 19:47:20.581: [INFO][Sync] ConfigurationDone, failed: , succeeded: , remaining count: 1
2025-02-06 19:47:20.582: [INFO][SyncManagerImpl::ConfigureSyncer] Types to download:  with reason: 5
2025-02-06 19:47:20.582: [INFO][SyncEngineBackend::DoFinishConfigureDataTypes] Failed to download types:  and succeeded types: 
2025-02-06 19:47:20.584: [INFO][Sync] ConfigurationDone, failed: , succeeded: , remaining count: 0
2025-02-06 19:47:20.586: [INFO][Sync]     Configuration completed, state: 7
2025-02-06 19:47:20.586: [INFO][Sync] Configured DataTypeManager: Ok
2025-02-06 19:47:20.588: [INFO][SyncEngineBackend::DoStartSyncing] Start syncing
2025-02-06 19:49:04.542: [INFO][Sync] Reset engine, reason: 0
2025-02-06 19:49:04.542: [INFO][Sync] Reset engine with reason: 0
2025-02-06 19:49:22.800: [INFO][Sync] SyncState after authenticated was: FeatureCanStart
2025-02-06 19:49:23.080: [INFO][Sync] Try to start sync engine
2025-02-06 19:49:23.081: [INFO][SyncManagerImpl::NudgeForInitialDownload] Initial download nudge for Encryption Keys
2025-02-06 19:49:23.081: [INFO][SyncEngineBackend::LoadAndConnectNigoriController] Load and connect Nigori controller
2025-02-06 19:49:23.081: [INFO][SyncEngineBackend::DoInitialize] Control Types added: Encryption Keys
2025-02-06 19:49:23.081: [INFO][SyncManagerImpl::ConfigureSyncer] Types to download: Encryption Keys with reason: 3
2025-02-06 19:49:23.081: [INFO][SyncSchedulerImpl::DoConfigurationSyncCycleJob] Configure job was blocked
2025-02-06 19:49:23.109: [INFO][SyncAuthManager::SetLastAuthError] Current auth error: None
2025-02-06 19:49:23.110: [INFO][SyncAuthManager::EdgeLogTokenErrorState] Token error with: None for account type: MSA
2025-02-06 19:49:23.110: [INFO][Sync] Credentials changed for: EdgeSyncScopeNew
2025-02-06 19:49:23.640: [INFO][SyncAuthManager::SetLastAuthError] Current auth error: None
2025-02-06 19:49:23.640: [INFO][SyncAuthManager::EdgeLogTokenErrorState] Token error with: None for account type: MSA
2025-02-06 19:49:23.640: [INFO][Sync] Credentials changed for: EdgeSyncKeyDataScope
2025-02-06 19:49:23.640: [INFO][SyncEngineBackend::DoUpdateKeyDataCredentials] Update key data credentials
2025-02-06 19:49:23.640: [INFO][SyncEngineBackend::DoUpdateCredentials] Update credentials
2025-02-06 19:49:23.640: [INFO][SyncSchedulerImpl::DoConfigurationSyncCycleJob] Blocked types:  and types to download: Encryption Keys
2025-02-06 19:49:23.914: [INFO][Sync] Started DataTypeManager configuration, reason: 4
2025-02-06 19:49:23.914: [INFO][Sync] Configuring for: Bookmarks, Preferences, Passwords, Autofill Profiles, Autofill, Extensions, Sessions, Extension settings, History Delete Directives, Device Info, User Consents, Send Tab To Self, Web Apps, History, Collection, Edge E Drop, Edge Hub App Usage, Edge Tab Group, Edge Wallet, Encryption Keys, reason: 4, current state: 0
2025-02-06 19:49:23.916: [INFO][Sync] Configure, desired: Bookmarks, Preferences, Extensions, Sessions, Extension settings, History Delete Directives, Device Info, User Consents, Send Tab To Self, Web Apps, History, Collection, Edge E Drop, Edge Hub App Usage, Edge Tab Group, Edge Wallet, Encryption Keys; Allow fail: Passwords, Autofill Profiles, Autofill
2025-02-06 19:49:23.916: [INFO][Sync] Loading: Bookmarks
2025-02-06 19:49:23.916: [INFO][Sync] Loading: Preferences
2025-02-06 19:49:23.916: [INFO][Sync] Loading: Extensions
2025-02-06 19:49:23.916: [INFO][Sync] Loading: Sessions
2025-02-06 19:49:23.916: [INFO][Sync] Loading: Extension settings
2025-02-06 19:49:23.916: [INFO][Sync] Loading: History Delete Directives
2025-02-06 19:49:23.916: [INFO][Sync] Loading: Device Info
2025-02-06 19:49:23.916: [INFO][Sync] Loading: User Consents
2025-02-06 19:49:23.916: [INFO][Sync] Loading: Send Tab To Self
2025-02-06 19:49:23.916: [INFO][Sync] Loading: Web Apps
2025-02-06 19:49:23.916: [INFO][Sync] Loading: History
2025-02-06 19:49:23.916: [INFO][Sync] Loading: Collection
2025-02-06 19:49:23.916: [INFO][Sync] Loading: Edge E Drop
2025-02-06 19:49:23.916: [INFO][Sync] Loading: Edge Hub App Usage
2025-02-06 19:49:23.916: [INFO][Sync] Loading: Edge Tab Group
2025-02-06 19:49:23.916: [INFO][Sync] Loading: Edge Wallet
2025-02-06 19:49:23.922: [INFO][Sync] All data types are ready for configure.
2025-02-06 19:49:24.491: [INFO][Sync] Started DataTypeManager configuration, reason: 5
2025-02-06 19:49:24.491: [INFO][Sync] Configuring for: Bookmarks, Preferences, Passwords, Autofill Profiles, Autofill, Extensions, Sessions, Extension settings, History Delete Directives, Device Info, User Consents, Send Tab To Self, Web Apps, History, Collection, Edge E Drop, Edge Hub App Usage, Edge Tab Group, Edge Wallet, Encryption Keys, reason: 5, current state: 1
2025-02-06 19:49:24.491: [INFO][SyncEngineBackend::DoStartConfiguration] Start configuration
2025-02-06 19:49:24.491: [INFO][SyncManagerImpl::ConfigureSyncer] Types to download:  with reason: 4
2025-02-06 19:49:24.491: [INFO][SyncEngineBackend::DoFinishConfigureDataTypes] Failed to download types:  and succeeded types: 
2025-02-06 19:49:24.494: [INFO][Sync] ConfigurationDone, failed: , succeeded: , remaining count: 4
2025-02-06 19:49:24.494: [WARN][Sync]     Reconfigure requested while configuration ongoing.
2025-02-06 19:49:24.494: [INFO][Sync] Configuring for: Bookmarks, Preferences, Passwords, Autofill Profiles, Autofill, Extensions, Sessions, Extension settings, History Delete Directives, Device Info, User Consents, Send Tab To Self, Web Apps, History, Collection, Edge E Drop, Edge Hub App Usage, Edge Tab Group, Edge Wallet, Encryption Keys, reason: 5, current state: 2
2025-02-06 19:49:24.494: [INFO][Sync] Configure, desired: Bookmarks, Preferences, Passwords, Autofill Profiles, Autofill, Extensions, Sessions, Extension settings, History Delete Directives, Device Info, User Consents, Send Tab To Self, Web Apps, History, Collection, Edge E Drop, Edge Hub App Usage, Edge Tab Group, Edge Wallet, Encryption Keys; Allow fail: 
2025-02-06 19:49:24.494: [INFO][Sync] Loading: Passwords
2025-02-06 19:49:24.494: [INFO][Sync] Loading: Autofill Profiles
2025-02-06 19:49:24.494: [INFO][Sync] Loading: Autofill
2025-02-06 19:49:24.494: [INFO][Sync] All data types are ready for configure.
2025-02-06 19:49:24.494: [INFO][SyncManagerImpl::NudgeForInitialDownload] Initial download nudge for Passwords
2025-02-06 19:49:24.494: [INFO][SyncManagerImpl::ConfigureSyncer] Types to download:  with reason: 5
2025-02-06 19:49:24.494: [INFO][SyncEngineBackend::DoFinishConfigureDataTypes] Failed to download types:  and succeeded types: 
2025-02-06 19:49:24.496: [INFO][Sync] ConfigurationDone, failed: , succeeded: , remaining count: 4
2025-02-06 19:49:24.496: [INFO][Sync] Prepare to configure types: Passwords, Encryption Keys
2025-02-06 19:49:24.496: [INFO][SyncManagerImpl::ConfigureSyncer] Types to download: Passwords, Encryption Keys with reason: 5
2025-02-06 19:49:24.496: [INFO][SyncSchedulerImpl::DoConfigurationSyncCycleJob] Blocked types:  and types to download: Passwords, Encryption Keys
2025-02-06 19:49:24.857: [INFO][SyncEngineBackend::DoFinishConfigureDataTypes] Failed to download types:  and succeeded types: Passwords, Encryption Keys
2025-02-06 19:49:24.859: [INFO][Sync] ConfigurationDone, failed: , succeeded: Passwords, Encryption Keys, remaining count: 3
2025-02-06 19:49:24.859: [INFO][SyncManagerImpl::ConfigureSyncer] Types to download:  with reason: 5
2025-02-06 19:49:24.859: [INFO][SyncEngineBackend::DoFinishConfigureDataTypes] Failed to download types:  and succeeded types: 
2025-02-06 19:49:24.859: [INFO][Sync] ConfigurationDone, failed: , succeeded: , remaining count: 2
2025-02-06 19:49:24.859: [INFO][SyncManagerImpl::ConfigureSyncer] Types to download:  with reason: 5
2025-02-06 19:49:24.859: [INFO][SyncEngineBackend::DoFinishConfigureDataTypes] Failed to download types:  and succeeded types: 
2025-02-06 19:49:24.859: [INFO][Sync] ConfigurationDone, failed: , succeeded: , remaining count: 1
2025-02-06 19:49:24.862: [INFO][SyncManagerImpl::ConfigureSyncer] Types to download:  with reason: 5
2025-02-06 19:49:24.862: [INFO][SyncEngineBackend::DoFinishConfigureDataTypes] Failed to download types:  and succeeded types: 
2025-02-06 19:49:24.864: [INFO][Sync] ConfigurationDone, failed: , succeeded: , remaining count: 0
2025-02-06 19:49:24.866: [INFO][Sync]     Configuration completed, state: 7
2025-02-06 19:49:24.866: [INFO][Sync] Configured DataTypeManager: Ok
2025-02-06 19:49:24.869: [INFO][SyncEngineBackend::DoStartSyncing] Start syncing
2025-02-06 21:34:48.758: [INFO][Sync] Reset engine, reason: 0
2025-02-06 21:34:48.758: [INFO][Sync] Reset engine with reason: 0
2025-02-06 21:35:09.375: [INFO][Sync] SyncState after authenticated was: FeatureCanStart
2025-02-06 21:35:09.656: [INFO][Sync] Try to start sync engine
2025-02-06 21:35:09.657: [INFO][SyncManagerImpl::NudgeForInitialDownload] Initial download nudge for Encryption Keys
2025-02-06 21:35:09.657: [INFO][SyncEngineBackend::LoadAndConnectNigoriController] Load and connect Nigori controller
2025-02-06 21:35:09.657: [INFO][SyncEngineBackend::DoInitialize] Control Types added: Encryption Keys
2025-02-06 21:35:09.657: [INFO][SyncManagerImpl::ConfigureSyncer] Types to download: Encryption Keys with reason: 3
2025-02-06 21:35:09.657: [INFO][SyncSchedulerImpl::DoConfigurationSyncCycleJob] Configure job was blocked
2025-02-06 21:35:09.686: [INFO][SyncAuthManager::SetLastAuthError] Current auth error: None
2025-02-06 21:35:09.686: [INFO][SyncAuthManager::EdgeLogTokenErrorState] Token error with: None for account type: MSA
2025-02-06 21:35:09.686: [INFO][Sync] Credentials changed for: EdgeSyncScopeNew
2025-02-06 21:35:10.376: [INFO][SyncAuthManager::SetLastAuthError] Current auth error: None
2025-02-06 21:35:10.376: [INFO][SyncAuthManager::EdgeLogTokenErrorState] Token error with: None for account type: MSA
2025-02-06 21:35:10.376: [INFO][Sync] Credentials changed for: EdgeSyncKeyDataScope
2025-02-06 21:35:10.376: [INFO][SyncEngineBackend::DoUpdateKeyDataCredentials] Update key data credentials
2025-02-06 21:35:10.376: [INFO][SyncEngineBackend::DoUpdateCredentials] Update credentials
2025-02-06 21:35:10.376: [INFO][SyncSchedulerImpl::DoConfigurationSyncCycleJob] Blocked types:  and types to download: Encryption Keys
2025-02-06 21:35:10.805: [INFO][Sync] Started DataTypeManager configuration, reason: 4
2025-02-06 21:35:10.805: [INFO][Sync] Configuring for: Bookmarks, Preferences, Passwords, Autofill Profiles, Autofill, Extensions, Sessions, Extension settings, History Delete Directives, Device Info, User Consents, Send Tab To Self, Web Apps, History, Collection, Edge E Drop, Edge Hub App Usage, Edge Tab Group, Edge Wallet, Encryption Keys, reason: 4, current state: 0
2025-02-06 21:35:10.808: [INFO][Sync] Configure, desired: Bookmarks, Preferences, Extensions, Sessions, Extension settings, History Delete Directives, Device Info, User Consents, Send Tab To Self, Web Apps, History, Collection, Edge E Drop, Edge Hub App Usage, Edge Tab Group, Edge Wallet, Encryption Keys; Allow fail: Passwords, Autofill Profiles, Autofill
2025-02-06 21:35:10.808: [INFO][Sync] Loading: Bookmarks
2025-02-06 21:35:10.808: [INFO][Sync] Loading: Preferences
2025-02-06 21:35:10.808: [INFO][Sync] Loading: Extensions
2025-02-06 21:35:10.808: [INFO][Sync] Loading: Sessions
2025-02-06 21:35:10.808: [INFO][Sync] Loading: Extension settings
2025-02-06 21:35:10.808: [INFO][Sync] Loading: History Delete Directives
2025-02-06 21:35:10.808: [INFO][Sync] Loading: Device Info
2025-02-06 21:35:10.808: [INFO][Sync] Loading: User Consents
2025-02-06 21:35:10.808: [INFO][Sync] Loading: Send Tab To Self
2025-02-06 21:35:10.808: [INFO][Sync] Loading: Web Apps
2025-02-06 21:35:10.808: [INFO][Sync] Loading: History
2025-02-06 21:35:10.808: [INFO][Sync] Loading: Collection
2025-02-06 21:35:10.808: [INFO][Sync] Loading: Edge E Drop
2025-02-06 21:35:10.808: [INFO][Sync] Loading: Edge Hub App Usage
2025-02-06 21:35:10.808: [INFO][Sync] Loading: Edge Tab Group
2025-02-06 21:35:10.808: [INFO][Sync] Loading: Edge Wallet
2025-02-06 21:35:10.815: [INFO][Sync] All data types are ready for configure.
2025-02-06 21:35:11.361: [INFO][SyncEngineBackend::DoStartConfiguration] Start configuration
2025-02-06 21:35:11.361: [INFO][SyncManagerImpl::ConfigureSyncer] Types to download:  with reason: 4
2025-02-06 21:35:11.361: [INFO][SyncEngineBackend::DoFinishConfigureDataTypes] Failed to download types:  and succeeded types: 
2025-02-06 21:35:11.363: [INFO][Sync] Started DataTypeManager configuration, reason: 5
2025-02-06 21:35:11.363: [INFO][Sync] Configuring for: Bookmarks, Preferences, Passwords, Autofill Profiles, Autofill, Extensions, Sessions, Extension settings, History Delete Directives, Device Info, User Consents, Send Tab To Self, Web Apps, History, Collection, Edge E Drop, Edge Hub App Usage, Edge Tab Group, Edge Wallet, Encryption Keys, reason: 5, current state: 1
2025-02-06 21:35:11.366: [INFO][Sync] ConfigurationDone, failed: , succeeded: , remaining count: 4
2025-02-06 21:35:11.366: [WARN][Sync]     Reconfigure requested while configuration ongoing.
2025-02-06 21:35:11.366: [INFO][Sync] Configuring for: Bookmarks, Preferences, Passwords, Autofill Profiles, Autofill, Extensions, Sessions, Extension settings, History Delete Directives, Device Info, User Consents, Send Tab To Self, Web Apps, History, Collection, Edge E Drop, Edge Hub App Usage, Edge Tab Group, Edge Wallet, Encryption Keys, reason: 5, current state: 2
2025-02-06 21:35:11.366: [INFO][Sync] Configure, desired: Bookmarks, Preferences, Passwords, Autofill Profiles, Autofill, Extensions, Sessions, Extension settings, History Delete Directives, Device Info, User Consents, Send Tab To Self, Web Apps, History, Collection, Edge E Drop, Edge Hub App Usage, Edge Tab Group, Edge Wallet, Encryption Keys; Allow fail: 
2025-02-06 21:35:11.366: [INFO][Sync] Loading: Passwords
2025-02-06 21:35:11.366: [INFO][Sync] Loading: Autofill Profiles
2025-02-06 21:35:11.366: [INFO][Sync] Loading: Autofill
2025-02-06 21:35:11.366: [INFO][Sync] All data types are ready for configure.
2025-02-06 21:35:11.366: [INFO][SyncManagerImpl::NudgeForInitialDownload] Initial download nudge for Passwords
2025-02-06 21:35:11.366: [INFO][SyncManagerImpl::ConfigureSyncer] Types to download:  with reason: 5
2025-02-06 21:35:11.366: [INFO][SyncEngineBackend::DoFinishConfigureDataTypes] Failed to download types:  and succeeded types: 
2025-02-06 21:35:11.367: [INFO][Sync] ConfigurationDone, failed: , succeeded: , remaining count: 4
2025-02-06 21:35:11.367: [INFO][Sync] Prepare to configure types: Passwords, Encryption Keys
2025-02-06 21:35:11.367: [INFO][SyncManagerImpl::ConfigureSyncer] Types to download: Passwords, Encryption Keys with reason: 5
2025-02-06 21:35:11.367: [INFO][SyncSchedulerImpl::DoConfigurationSyncCycleJob] Blocked types:  and types to download: Passwords, Encryption Keys
2025-02-06 21:35:11.928: [INFO][SyncEngineBackend::DoFinishConfigureDataTypes] Failed to download types:  and succeeded types: Passwords, Encryption Keys
2025-02-06 21:35:11.932: [INFO][Sync] ConfigurationDone, failed: , succeeded: Passwords, Encryption Keys, remaining count: 3
2025-02-06 21:35:11.932: [INFO][SyncManagerImpl::ConfigureSyncer] Types to download:  with reason: 5
2025-02-06 21:35:11.932: [INFO][SyncEngineBackend::DoFinishConfigureDataTypes] Failed to download types:  and succeeded types: 
2025-02-06 21:35:11.932: [INFO][Sync] ConfigurationDone, failed: , succeeded: , remaining count: 2
2025-02-06 21:35:11.932: [INFO][SyncManagerImpl::ConfigureSyncer] Types to download:  with reason: 5
2025-02-06 21:35:11.932: [INFO][SyncEngineBackend::DoFinishConfigureDataTypes] Failed to download types:  and succeeded types: 
2025-02-06 21:35:11.936: [INFO][Sync] ConfigurationDone, failed: , succeeded: , remaining count: 1
2025-02-06 21:35:11.940: [INFO][SyncManagerImpl::ConfigureSyncer] Types to download:  with reason: 5
2025-02-06 21:35:11.940: [INFO][SyncEngineBackend::DoFinishConfigureDataTypes] Failed to download types:  and succeeded types: 
2025-02-06 21:35:11.940: [INFO][Sync] ConfigurationDone, failed: , succeeded: , remaining count: 0
2025-02-06 21:35:11.943: [INFO][Sync]     Configuration completed, state: 7
2025-02-06 21:35:11.943: [INFO][Sync] Configured DataTypeManager: Ok
2025-02-06 21:35:11.946: [INFO][SyncEngineBackend::DoStartSyncing] Start syncing
2025-02-06 23:05:33.249: [INFO][Sync] Reset engine, reason: 0
2025-02-06 23:05:33.249: [INFO][Sync] Reset engine with reason: 0
